  [1m[35m (0.6ms)[0m  [1m[34mSELECT sqlite_version(*)[0m
  [1m[35m (2.2ms)[0m  [1m[35mCREATE TABLE "schema_migrations" ("version" varchar NOT NULL PRIMARY KEY)[0m
  [1m[35m (1.6ms)[0m  [1m[35mCREATE TABLE "ar_internal_metadata" ("key" varchar NOT NULL PRIMARY KEY, "value" varchar, "created_at" datetime NOT NULL, "updated_at" datetime NOT NULL)[0m
  [1m[35m (0.2ms)[0m  [1m[34mSELECT "schema_migrations"."version" FROM "schema_migrations" ORDER BY "schema_migrations"."version" ASC[0m
Migrating to CreatePosts (20171101041908)
  [1m[35m (0.1ms)[0m  [1m[36mbegin transaction[0m
  [1m[35m (0.6ms)[0m  [1m[35mCREATE TABLE "posts" ("id" INTEGER PRIMARY KEY AUTOINCREMENT NOT NULL, "text" varchar, "votes" integer, "created_at" datetime NOT NULL, "updated_at" datetime NOT NULL)[0m
  [1m[35mSQL (0.2ms)[0m  [1m[32mINSERT INTO "schema_migrations" ("version") VALUES (?)[0m  [["version", "20171101041908"]]
  [1m[35m (1.1ms)[0m  [1m[36mcommit transaction[0m
Migrating to CreateUsers (20171101041959)
  [1m[35m (0.1ms)[0m  [1m[36mbegin transaction[0m
  [1m[35m (0.4ms)[0m  [1m[35mCREATE TABLE "users" ("id" INTEGER PRIMARY KEY AUTOINCREMENT NOT NULL, "studentid" integer, "created_at" datetime NOT NULL, "updated_at" datetime NOT NULL)[0m
  [1m[35mSQL (0.1ms)[0m  [1m[32mINSERT INTO "schema_migrations" ("version") VALUES (?)[0m  [["version", "20171101041959"]]
  [1m[35m (1.3ms)[0m  [1m[36mcommit transaction[0m
Migrating to CreateComments (20171101042015)
  [1m[35m (0.1ms)[0m  [1m[36mbegin transaction[0m
  [1m[35m (0.4ms)[0m  [1m[35mCREATE TABLE "comments" ("id" INTEGER PRIMARY KEY AUTOINCREMENT NOT NULL, "text" varchar, "post_id" integer, "created_at" datetime NOT NULL, "updated_at" datetime NOT NULL)[0m
  [1m[35mSQL (0.2ms)[0m  [1m[32mINSERT INTO "schema_migrations" ("version") VALUES (?)[0m  [["version", "20171101042015"]]
  [1m[35m (1.2ms)[0m  [1m[36mcommit transaction[0m
  [1m[36mActiveRecord::InternalMetadata Load (0.1ms)[0m  [1m[34mSELECT  "ar_internal_metadata".* FROM "ar_internal_metadata" WHERE "ar_internal_metadata"."key" = ? LIMIT ?[0m  [["key", "environment"], ["LIMIT", 1]]
  [1m[35m (0.0ms)[0m  [1m[36mbegin transaction[0m
  [1m[35mSQL (0.3ms)[0m  [1m[32mINSERT INTO "ar_internal_metadata" ("key", "value", "created_at", "updated_at") VALUES (?, ?, ?, ?)[0m  [["key", "environment"], ["value", "development"], ["created_at", "2017-11-01 04:23:03.074227"], ["updated_at", "2017-11-01 04:23:03.074227"]]
  [1m[35m (1.2ms)[0m  [1m[36mcommit transaction[0m
  [1m[35m (0.1ms)[0m  [1m[34mSELECT "schema_migrations"."version" FROM "schema_migrations" ORDER BY "schema_migrations"."version" ASC[0m
  [1m[35m (0.2ms)[0m  [1m[34mSELECT "schema_migrations"."version" FROM "schema_migrations" ORDER BY "schema_migrations"."version" ASC[0m
Migrating to AddDeviseToUsers (20171101043344)
  [1m[35m (0.1ms)[0m  [1m[36mbegin transaction[0m
  [1m[35m (1.0ms)[0m  [1m[35mALTER TABLE "users" ADD "email" varchar DEFAULT '' NOT NULL[0m
  [1m[35m (0.2ms)[0m  [1m[35mALTER TABLE "users" ADD "encrypted_password" varchar DEFAULT '' NOT NULL[0m
  [1m[35m (0.1ms)[0m  [1m[35mALTER TABLE "users" ADD "reset_password_token" varchar[0m
  [1m[35m (0.2ms)[0m  [1m[35mALTER TABLE "users" ADD "reset_password_sent_at" datetime[0m
  [1m[35m (0.1ms)[0m  [1m[35mALTER TABLE "users" ADD "remember_created_at" datetime[0m
  [1m[35m (0.1ms)[0m  [1m[35mALTER TABLE "users" ADD "sign_in_count" integer DEFAULT 0 NOT NULL[0m
  [1m[35m (0.1ms)[0m  [1m[35mALTER TABLE "users" ADD "current_sign_in_at" datetime[0m
  [1m[35m (0.1ms)[0m  [1m[35mALTER TABLE "users" ADD "last_sign_in_at" datetime[0m
  [1m[35m (0.1ms)[0m  [1m[35mALTER TABLE "users" ADD "current_sign_in_ip" varchar[0m
  [1m[35m (0.1ms)[0m  [1m[35mALTER TABLE "users" ADD "last_sign_in_ip" varchar[0m
  [1m[35m (0.1ms)[0m  [1m[34mSELECT sqlite_version(*)[0m
  [1m[35m (0.2ms)[0m  [1m[35mCREATE UNIQUE INDEX "index_users_on_email" ON "users" ("email")[0m
  [1m[35m (0.1ms)[0m  [1m[34m            SELECT sql
            FROM sqlite_master
            WHERE name='index_users_on_email' AND type='index'
            UNION ALL
            SELECT sql
            FROM sqlite_temp_master
            WHERE name='index_users_on_email' AND type='index'
[0m
  [1m[35m (0.1ms)[0m  [1m[35mCREATE UNIQUE INDEX "index_users_on_reset_password_token" ON "users" ("reset_password_token")[0m
  [1m[35mSQL (0.1ms)[0m  [1m[32mINSERT INTO "schema_migrations" ("version") VALUES (?)[0m  [["version", "20171101043344"]]
  [1m[35m (1.9ms)[0m  [1m[36mcommit transaction[0m
  [1m[36mActiveRecord::InternalMetadata Load (0.5ms)[0m  [1m[34mSELECT  "ar_internal_metadata".* FROM "ar_internal_metadata" WHERE "ar_internal_metadata"."key" = ? LIMIT ?[0m  [["key", "environment"], ["LIMIT", 1]]
  [1m[35m (0.1ms)[0m  [1m[36mbegin transaction[0m
  [1m[35m (0.0ms)[0m  [1m[36mcommit transaction[0m
  [1m[35m (0.1ms)[0m  [1m[34mSELECT "schema_migrations"."version" FROM "schema_migrations" ORDER BY "schema_migrations"."version" ASC[0m
  [1m[35m (0.1ms)[0m  [1m[34m            SELECT sql
            FROM sqlite_master
            WHERE name='index_users_on_reset_password_token' AND type='index'
            UNION ALL
            SELECT sql
            FROM sqlite_temp_master
            WHERE name='index_users_on_reset_password_token' AND type='index'
[0m
  [1m[35m (0.1ms)[0m  [1m[34m            SELECT sql
            FROM sqlite_master
            WHERE name='index_users_on_email' AND type='index'
            UNION ALL
            SELECT sql
            FROM sqlite_temp_master
            WHERE name='index_users_on_email' AND type='index'
[0m
Started GET "/" for 127.0.0.1 at 2017-10-31 21:52:07 -0700
  [1m[35m (0.2ms)[0m  [1m[34mSELECT "schema_migrations"."version" FROM "schema_migrations" ORDER BY "schema_migrations"."version" ASC[0m
  
ActionController::RoutingError (uninitialized constant PostController):
  
activesupport (5.1.4) lib/active_support/inflector/methods.rb:269:in `const_get'
activesupport (5.1.4) lib/active_support/inflector/methods.rb:269:in `block in constantize'
activesupport (5.1.4) lib/active_support/inflector/methods.rb:267:in `each'
activesupport (5.1.4) lib/active_support/inflector/methods.rb:267:in `inject'
activesupport (5.1.4) lib/active_support/inflector/methods.rb:267:in `constantize'
actionpack (5.1.4) lib/action_dispatch/http/request.rb:85:in `controller_class_for'
actionpack (5.1.4) lib/action_dispatch/http/request.rb:78:in `controller_class'
actionpack (5.1.4) lib/action_dispatch/routing/route_set.rb:43:in `controller'
actionpack (5.1.4) lib/action_dispatch/routing/route_set.rb:29:in `serve'
actionpack (5.1.4) lib/action_dispatch/journey/router.rb:50:in `block in serve'
actionpack (5.1.4) lib/action_dispatch/journey/router.rb:33:in `each'
actionpack (5.1.4) lib/action_dispatch/journey/router.rb:33:in `serve'
actionpack (5.1.4) lib/action_dispatch/routing/route_set.rb:834:in `call'
warden (1.2.7) lib/warden/manager.rb:36:in `block in call'
warden (1.2.7) lib/warden/manager.rb:35:in `catch'
warden (1.2.7) lib/warden/manager.rb:35:in `call'
rack (2.0.3) lib/rack/etag.rb:25:in `call'
rack (2.0.3) lib/rack/conditional_get.rb:25:in `call'
rack (2.0.3) lib/rack/head.rb:12:in `call'
rack (2.0.3) lib/rack/session/abstract/id.rb:232:in `context'
rack (2.0.3) lib/rack/session/abstract/id.rb:226:in `call'
actionpack (5.1.4) lib/action_dispatch/middleware/cookies.rb:613:in `call'
activerecord (5.1.4) lib/active_record/migration.rb:556:in `call'
actionpack (5.1.4) lib/action_dispatch/middleware/callbacks.rb:26:in `block in call'
activesupport (5.1.4) lib/active_support/callbacks.rb:97:in `run_callbacks'
actionpack (5.1.4) lib/action_dispatch/middleware/callbacks.rb:24:in `call'
actionpack (5.1.4) lib/action_dispatch/middleware/executor.rb:12:in `call'
actionpack (5.1.4) lib/action_dispatch/middleware/debug_exceptions.rb:59:in `call'
web-console (3.5.1) lib/web_console/middleware.rb:135:in `call_app'
web-console (3.5.1) lib/web_console/middleware.rb:28:in `block in call'
web-console (3.5.1) lib/web_console/middleware.rb:18:in `catch'
web-console (3.5.1) lib/web_console/middleware.rb:18:in `call'
actionpack (5.1.4) lib/action_dispatch/middleware/show_exceptions.rb:31:in `call'
railties (5.1.4) lib/rails/rack/logger.rb:36:in `call_app'
railties (5.1.4) lib/rails/rack/logger.rb:24:in `block in call'
activesupport (5.1.4) lib/active_support/tagged_logging.rb:69:in `block in tagged'
activesupport (5.1.4) lib/active_support/tagged_logging.rb:26:in `tagged'
activesupport (5.1.4) lib/active_support/tagged_logging.rb:69:in `tagged'
railties (5.1.4) lib/rails/rack/logger.rb:24:in `call'
sprockets-rails (3.2.1) lib/sprockets/rails/quiet_assets.rb:13:in `call'
actionpack (5.1.4) lib/action_dispatch/middleware/remote_ip.rb:79:in `call'
actionpack (5.1.4) lib/action_dispatch/middleware/request_id.rb:25:in `call'
rack (2.0.3) lib/rack/method_override.rb:22:in `call'
rack (2.0.3) lib/rack/runtime.rb:22:in `call'
activesupport (5.1.4) lib/active_support/cache/strategy/local_cache_middleware.rb:27:in `call'
actionpack (5.1.4) lib/action_dispatch/middleware/executor.rb:12:in `call'
actionpack (5.1.4) lib/action_dispatch/middleware/static.rb:125:in `call'
rack (2.0.3) lib/rack/sendfile.rb:111:in `call'
railties (5.1.4) lib/rails/engine.rb:522:in `call'
puma (3.10.0) lib/puma/configuration.rb:225:in `call'
puma (3.10.0) lib/puma/server.rb:605:in `handle_request'
puma (3.10.0) lib/puma/server.rb:437:in `process_client'
puma (3.10.0) lib/puma/server.rb:301:in `block in run'
puma (3.10.0) lib/puma/thread_pool.rb:120:in `block in spawn_thread'
Started GET "/" for 127.0.0.1 at 2017-10-31 21:52:45 -0700
  
ActionController::RoutingError (uninitialized constant PostController):
  
activesupport (5.1.4) lib/active_support/inflector/methods.rb:269:in `const_get'
activesupport (5.1.4) lib/active_support/inflector/methods.rb:269:in `block in constantize'
activesupport (5.1.4) lib/active_support/inflector/methods.rb:267:in `each'
activesupport (5.1.4) lib/active_support/inflector/methods.rb:267:in `inject'
activesupport (5.1.4) lib/active_support/inflector/methods.rb:267:in `constantize'
actionpack (5.1.4) lib/action_dispatch/http/request.rb:85:in `controller_class_for'
actionpack (5.1.4) lib/action_dispatch/http/request.rb:78:in `controller_class'
actionpack (5.1.4) lib/action_dispatch/routing/route_set.rb:43:in `controller'
actionpack (5.1.4) lib/action_dispatch/routing/route_set.rb:29:in `serve'
actionpack (5.1.4) lib/action_dispatch/journey/router.rb:50:in `block in serve'
actionpack (5.1.4) lib/action_dispatch/journey/router.rb:33:in `each'
actionpack (5.1.4) lib/action_dispatch/journey/router.rb:33:in `serve'
actionpack (5.1.4) lib/action_dispatch/routing/route_set.rb:834:in `call'
warden (1.2.7) lib/warden/manager.rb:36:in `block in call'
warden (1.2.7) lib/warden/manager.rb:35:in `catch'
warden (1.2.7) lib/warden/manager.rb:35:in `call'
rack (2.0.3) lib/rack/etag.rb:25:in `call'
rack (2.0.3) lib/rack/conditional_get.rb:25:in `call'
rack (2.0.3) lib/rack/head.rb:12:in `call'
rack (2.0.3) lib/rack/session/abstract/id.rb:232:in `context'
rack (2.0.3) lib/rack/session/abstract/id.rb:226:in `call'
actionpack (5.1.4) lib/action_dispatch/middleware/cookies.rb:613:in `call'
activerecord (5.1.4) lib/active_record/migration.rb:556:in `call'
actionpack (5.1.4) lib/action_dispatch/middleware/callbacks.rb:26:in `block in call'
activesupport (5.1.4) lib/active_support/callbacks.rb:97:in `run_callbacks'
actionpack (5.1.4) lib/action_dispatch/middleware/callbacks.rb:24:in `call'
actionpack (5.1.4) lib/action_dispatch/middleware/executor.rb:12:in `call'
actionpack (5.1.4) lib/action_dispatch/middleware/debug_exceptions.rb:59:in `call'
web-console (3.5.1) lib/web_console/middleware.rb:135:in `call_app'
web-console (3.5.1) lib/web_console/middleware.rb:28:in `block in call'
web-console (3.5.1) lib/web_console/middleware.rb:18:in `catch'
web-console (3.5.1) lib/web_console/middleware.rb:18:in `call'
actionpack (5.1.4) lib/action_dispatch/middleware/show_exceptions.rb:31:in `call'
railties (5.1.4) lib/rails/rack/logger.rb:36:in `call_app'
railties (5.1.4) lib/rails/rack/logger.rb:24:in `block in call'
activesupport (5.1.4) lib/active_support/tagged_logging.rb:69:in `block in tagged'
activesupport (5.1.4) lib/active_support/tagged_logging.rb:26:in `tagged'
activesupport (5.1.4) lib/active_support/tagged_logging.rb:69:in `tagged'
railties (5.1.4) lib/rails/rack/logger.rb:24:in `call'
sprockets-rails (3.2.1) lib/sprockets/rails/quiet_assets.rb:13:in `call'
actionpack (5.1.4) lib/action_dispatch/middleware/remote_ip.rb:79:in `call'
actionpack (5.1.4) lib/action_dispatch/middleware/request_id.rb:25:in `call'
rack (2.0.3) lib/rack/method_override.rb:22:in `call'
rack (2.0.3) lib/rack/runtime.rb:22:in `call'
activesupport (5.1.4) lib/active_support/cache/strategy/local_cache_middleware.rb:27:in `call'
actionpack (5.1.4) lib/action_dispatch/middleware/executor.rb:12:in `call'
actionpack (5.1.4) lib/action_dispatch/middleware/static.rb:125:in `call'
rack (2.0.3) lib/rack/sendfile.rb:111:in `call'
railties (5.1.4) lib/rails/engine.rb:522:in `call'
puma (3.10.0) lib/puma/configuration.rb:225:in `call'
puma (3.10.0) lib/puma/server.rb:605:in `handle_request'
puma (3.10.0) lib/puma/server.rb:437:in `process_client'
puma (3.10.0) lib/puma/server.rb:301:in `block in run'
puma (3.10.0) lib/puma/thread_pool.rb:120:in `block in spawn_thread'
Started GET "/" for 127.0.0.1 at 2017-10-31 21:52:48 -0700
  
ActionController::RoutingError (uninitialized constant PostController):
  
activesupport (5.1.4) lib/active_support/inflector/methods.rb:269:in `const_get'
activesupport (5.1.4) lib/active_support/inflector/methods.rb:269:in `block in constantize'
activesupport (5.1.4) lib/active_support/inflector/methods.rb:267:in `each'
activesupport (5.1.4) lib/active_support/inflector/methods.rb:267:in `inject'
activesupport (5.1.4) lib/active_support/inflector/methods.rb:267:in `constantize'
actionpack (5.1.4) lib/action_dispatch/http/request.rb:85:in `controller_class_for'
actionpack (5.1.4) lib/action_dispatch/http/request.rb:78:in `controller_class'
actionpack (5.1.4) lib/action_dispatch/routing/route_set.rb:43:in `controller'
actionpack (5.1.4) lib/action_dispatch/routing/route_set.rb:29:in `serve'
actionpack (5.1.4) lib/action_dispatch/journey/router.rb:50:in `block in serve'
actionpack (5.1.4) lib/action_dispatch/journey/router.rb:33:in `each'
actionpack (5.1.4) lib/action_dispatch/journey/router.rb:33:in `serve'
actionpack (5.1.4) lib/action_dispatch/routing/route_set.rb:834:in `call'
warden (1.2.7) lib/warden/manager.rb:36:in `block in call'
warden (1.2.7) lib/warden/manager.rb:35:in `catch'
warden (1.2.7) lib/warden/manager.rb:35:in `call'
rack (2.0.3) lib/rack/etag.rb:25:in `call'
rack (2.0.3) lib/rack/conditional_get.rb:25:in `call'
rack (2.0.3) lib/rack/head.rb:12:in `call'
rack (2.0.3) lib/rack/session/abstract/id.rb:232:in `context'
rack (2.0.3) lib/rack/session/abstract/id.rb:226:in `call'
actionpack (5.1.4) lib/action_dispatch/middleware/cookies.rb:613:in `call'
activerecord (5.1.4) lib/active_record/migration.rb:556:in `call'
actionpack (5.1.4) lib/action_dispatch/middleware/callbacks.rb:26:in `block in call'
activesupport (5.1.4) lib/active_support/callbacks.rb:97:in `run_callbacks'
actionpack (5.1.4) lib/action_dispatch/middleware/callbacks.rb:24:in `call'
actionpack (5.1.4) lib/action_dispatch/middleware/executor.rb:12:in `call'
actionpack (5.1.4) lib/action_dispatch/middleware/debug_exceptions.rb:59:in `call'
web-console (3.5.1) lib/web_console/middleware.rb:135:in `call_app'
web-console (3.5.1) lib/web_console/middleware.rb:28:in `block in call'
web-console (3.5.1) lib/web_console/middleware.rb:18:in `catch'
web-console (3.5.1) lib/web_console/middleware.rb:18:in `call'
actionpack (5.1.4) lib/action_dispatch/middleware/show_exceptions.rb:31:in `call'
railties (5.1.4) lib/rails/rack/logger.rb:36:in `call_app'
railties (5.1.4) lib/rails/rack/logger.rb:24:in `block in call'
activesupport (5.1.4) lib/active_support/tagged_logging.rb:69:in `block in tagged'
activesupport (5.1.4) lib/active_support/tagged_logging.rb:26:in `tagged'
activesupport (5.1.4) lib/active_support/tagged_logging.rb:69:in `tagged'
railties (5.1.4) lib/rails/rack/logger.rb:24:in `call'
sprockets-rails (3.2.1) lib/sprockets/rails/quiet_assets.rb:13:in `call'
actionpack (5.1.4) lib/action_dispatch/middleware/remote_ip.rb:79:in `call'
actionpack (5.1.4) lib/action_dispatch/middleware/request_id.rb:25:in `call'
rack (2.0.3) lib/rack/method_override.rb:22:in `call'
rack (2.0.3) lib/rack/runtime.rb:22:in `call'
activesupport (5.1.4) lib/active_support/cache/strategy/local_cache_middleware.rb:27:in `call'
actionpack (5.1.4) lib/action_dispatch/middleware/executor.rb:12:in `call'
actionpack (5.1.4) lib/action_dispatch/middleware/static.rb:125:in `call'
rack (2.0.3) lib/rack/sendfile.rb:111:in `call'
railties (5.1.4) lib/rails/engine.rb:522:in `call'
puma (3.10.0) lib/puma/configuration.rb:225:in `call'
puma (3.10.0) lib/puma/server.rb:605:in `handle_request'
puma (3.10.0) lib/puma/server.rb:437:in `process_client'
puma (3.10.0) lib/puma/server.rb:301:in `block in run'
puma (3.10.0) lib/puma/thread_pool.rb:120:in `block in spawn_thread'
Started GET "/" for 127.0.0.1 at 2017-10-31 21:52:52 -0700
  
ActionController::RoutingError (uninitialized constant PostController):
  
activesupport (5.1.4) lib/active_support/inflector/methods.rb:269:in `const_get'
activesupport (5.1.4) lib/active_support/inflector/methods.rb:269:in `block in constantize'
activesupport (5.1.4) lib/active_support/inflector/methods.rb:267:in `each'
activesupport (5.1.4) lib/active_support/inflector/methods.rb:267:in `inject'
activesupport (5.1.4) lib/active_support/inflector/methods.rb:267:in `constantize'
actionpack (5.1.4) lib/action_dispatch/http/request.rb:85:in `controller_class_for'
actionpack (5.1.4) lib/action_dispatch/http/request.rb:78:in `controller_class'
actionpack (5.1.4) lib/action_dispatch/routing/route_set.rb:43:in `controller'
actionpack (5.1.4) lib/action_dispatch/routing/route_set.rb:29:in `serve'
actionpack (5.1.4) lib/action_dispatch/journey/router.rb:50:in `block in serve'
actionpack (5.1.4) lib/action_dispatch/journey/router.rb:33:in `each'
actionpack (5.1.4) lib/action_dispatch/journey/router.rb:33:in `serve'
actionpack (5.1.4) lib/action_dispatch/routing/route_set.rb:834:in `call'
warden (1.2.7) lib/warden/manager.rb:36:in `block in call'
warden (1.2.7) lib/warden/manager.rb:35:in `catch'
warden (1.2.7) lib/warden/manager.rb:35:in `call'
rack (2.0.3) lib/rack/etag.rb:25:in `call'
rack (2.0.3) lib/rack/conditional_get.rb:25:in `call'
rack (2.0.3) lib/rack/head.rb:12:in `call'
rack (2.0.3) lib/rack/session/abstract/id.rb:232:in `context'
rack (2.0.3) lib/rack/session/abstract/id.rb:226:in `call'
actionpack (5.1.4) lib/action_dispatch/middleware/cookies.rb:613:in `call'
activerecord (5.1.4) lib/active_record/migration.rb:556:in `call'
actionpack (5.1.4) lib/action_dispatch/middleware/callbacks.rb:26:in `block in call'
activesupport (5.1.4) lib/active_support/callbacks.rb:97:in `run_callbacks'
actionpack (5.1.4) lib/action_dispatch/middleware/callbacks.rb:24:in `call'
actionpack (5.1.4) lib/action_dispatch/middleware/executor.rb:12:in `call'
actionpack (5.1.4) lib/action_dispatch/middleware/debug_exceptions.rb:59:in `call'
web-console (3.5.1) lib/web_console/middleware.rb:135:in `call_app'
web-console (3.5.1) lib/web_console/middleware.rb:28:in `block in call'
web-console (3.5.1) lib/web_console/middleware.rb:18:in `catch'
web-console (3.5.1) lib/web_console/middleware.rb:18:in `call'
actionpack (5.1.4) lib/action_dispatch/middleware/show_exceptions.rb:31:in `call'
railties (5.1.4) lib/rails/rack/logger.rb:36:in `call_app'
railties (5.1.4) lib/rails/rack/logger.rb:24:in `block in call'
activesupport (5.1.4) lib/active_support/tagged_logging.rb:69:in `block in tagged'
activesupport (5.1.4) lib/active_support/tagged_logging.rb:26:in `tagged'
activesupport (5.1.4) lib/active_support/tagged_logging.rb:69:in `tagged'
railties (5.1.4) lib/rails/rack/logger.rb:24:in `call'
sprockets-rails (3.2.1) lib/sprockets/rails/quiet_assets.rb:13:in `call'
actionpack (5.1.4) lib/action_dispatch/middleware/remote_ip.rb:79:in `call'
actionpack (5.1.4) lib/action_dispatch/middleware/request_id.rb:25:in `call'
rack (2.0.3) lib/rack/method_override.rb:22:in `call'
rack (2.0.3) lib/rack/runtime.rb:22:in `call'
activesupport (5.1.4) lib/active_support/cache/strategy/local_cache_middleware.rb:27:in `call'
actionpack (5.1.4) lib/action_dispatch/middleware/executor.rb:12:in `call'
actionpack (5.1.4) lib/action_dispatch/middleware/static.rb:125:in `call'
rack (2.0.3) lib/rack/sendfile.rb:111:in `call'
railties (5.1.4) lib/rails/engine.rb:522:in `call'
puma (3.10.0) lib/puma/configuration.rb:225:in `call'
puma (3.10.0) lib/puma/server.rb:605:in `handle_request'
puma (3.10.0) lib/puma/server.rb:437:in `process_client'
puma (3.10.0) lib/puma/server.rb:301:in `block in run'
puma (3.10.0) lib/puma/thread_pool.rb:120:in `block in spawn_thread'
Started GET "/" for 127.0.0.1 at 2017-10-31 21:54:26 -0700
  [1m[35m (0.2ms)[0m  [1m[34mSELECT "schema_migrations"."version" FROM "schema_migrations" ORDER BY "schema_migrations"."version" ASC[0m
Processing by PostsController#index as HTML
Completed 500 Internal Server Error in 10ms (ActiveRecord: 0.0ms)


  
SyntaxError (/Users/felix/help/app/models/post.rb:2: syntax error, unexpected ':', expecting keyword_end
	has_many: comments
	         ^):
  
app/models/post.rb:2: syntax error, unexpected ':', expecting keyword_end
app/controllers/posts_controller.rb:3:in `index'
Started GET "/" for 127.0.0.1 at 2017-10-31 21:55:21 -0700
Processing by PostsController#index as HTML
  Rendering posts/index.html.erb within layouts/application
  Rendered posts/index.html.erb within layouts/application (1.0ms)
Completed 500 Internal Server Error in 35ms


  
SyntaxError (/Users/felix/help/app/views/posts/index.html.erb:6: syntax error, unexpected tSTRING_BEG, expecting ')'
fer.append=( label_tag :text "Submit your suggestion here!" 
                              ^):
  
app/views/posts/index.html.erb:6: syntax error, unexpected tSTRING_BEG, expecting ')'
Started GET "/" for 127.0.0.1 at 2017-10-31 21:55:59 -0700
Processing by PostsController#index as HTML
  Rendering posts/index.html.erb within layouts/application
  [1m[36mPost Load (0.5ms)[0m  [1m[34mSELECT "posts".* FROM "posts"[0m
  Rendered posts/index.html.erb within layouts/application (7.3ms)
Completed 200 OK in 364ms (Views: 361.5ms | ActiveRecord: 1.4ms)


Started POST "/posts" for 127.0.0.1 at 2017-10-31 21:56:06 -0700
Processing by PostsController#create as HTML
  Parameters: {"utf8"=>"✓", "authenticity_token"=>"K8paBR7nP3BDR0bnA9r9DCw0/3TJ4AToAgvRC8P2Zkl8RJ42mmp+HFDkE7P3XytTzbMPPmj5wD/n6vSAj4HqSg==", "text"=>"asdfasdfasdfads", "commit"=>"Submit"}
  [1m[35m (0.1ms)[0m  [1m[36mbegin transaction[0m
  [1m[35mSQL (0.8ms)[0m  [1m[32mINSERT INTO "posts" ("text", "votes", "created_at", "updated_at") VALUES (?, ?, ?, ?)[0m  [["text", "asdfasdfasdfads"], ["votes", 0], ["created_at", "2017-11-01 04:56:06.901944"], ["updated_at", "2017-11-01 04:56:06.901944"]]
  [1m[35m (3.3ms)[0m  [1m[36mcommit transaction[0m
Redirected to http://localhost:3000/
Completed 302 Found in 12ms (ActiveRecord: 4.6ms)


Started GET "/" for 127.0.0.1 at 2017-10-31 21:56:06 -0700
Processing by PostsController#index as HTML
  Rendering posts/index.html.erb within layouts/application
  [1m[36mPost Load (0.5ms)[0m  [1m[34mSELECT "posts".* FROM "posts"[0m
  Rendered posts/index.html.erb within layouts/application (7.9ms)
Completed 200 OK in 57ms (Views: 54.3ms | ActiveRecord: 0.5ms)


Started POST "/posts" for 127.0.0.1 at 2017-10-31 21:56:10 -0700
Processing by PostsController#create as HTML
  Parameters: {"utf8"=>"✓", "authenticity_token"=>"pc68C2hFfOLOd7YwxPU0cLpoCx/HLHJPRcoSexmyvr7yQHg47Mg9jt3U42QwcOIvW+/7VWY1tpigKzfwVcUyvQ==", "text"=>"asdfasdf", "commit"=>"Submit"}
  [1m[35m (0.1ms)[0m  [1m[36mbegin transaction[0m
  [1m[35mSQL (0.4ms)[0m  [1m[32mINSERT INTO "posts" ("text", "votes", "created_at", "updated_at") VALUES (?, ?, ?, ?)[0m  [["text", "asdfasdf"], ["votes", 0], ["created_at", "2017-11-01 04:56:10.179613"], ["updated_at", "2017-11-01 04:56:10.179613"]]
  [1m[35m (1.8ms)[0m  [1m[36mcommit transaction[0m
Redirected to http://localhost:3000/
Completed 302 Found in 7ms (ActiveRecord: 2.3ms)


Started GET "/" for 127.0.0.1 at 2017-10-31 21:56:10 -0700
Processing by PostsController#index as HTML
  Rendering posts/index.html.erb within layouts/application
  [1m[36mPost Load (0.2ms)[0m  [1m[34mSELECT "posts".* FROM "posts"[0m
  Rendered posts/index.html.erb within layouts/application (2.9ms)
Completed 200 OK in 39ms (Views: 36.1ms | ActiveRecord: 0.2ms)


Started GET "/" for 127.0.0.1 at 2017-10-31 21:56:38 -0700
Processing by PostsController#index as HTML
  Rendering posts/index.html.erb within layouts/application
  [1m[36mPost Load (0.3ms)[0m  [1m[34mSELECT "posts".* FROM "posts"[0m
  Rendered posts/index.html.erb within layouts/application (2.9ms)
Completed 200 OK in 18ms (Views: 15.8ms | ActiveRecord: 0.3ms)


Started GET "/" for 127.0.0.1 at 2017-10-31 22:02:47 -0700
Processing by PostsController#index as HTML
  Rendering posts/index.html.erb within layouts/application
  [1m[36mPost Load (0.1ms)[0m  [1m[34mSELECT "posts".* FROM "posts"[0m
  Rendered posts/index.html.erb within layouts/application (19.3ms)
Completed 200 OK in 72ms (Views: 64.3ms | ActiveRecord: 0.9ms)


Started GET "/" for 127.0.0.1 at 2017-10-31 22:03:29 -0700
Processing by PostsController#index as HTML
  Rendering posts/index.html.erb within layouts/application
  [1m[36mPost Load (0.4ms)[0m  [1m[34mSELECT "posts".* FROM "posts"[0m
  Rendered posts/index.html.erb within layouts/application (4.9ms)
Completed 200 OK in 38ms (Views: 33.6ms | ActiveRecord: 0.4ms)


Started PATCH "/posts/1" for 127.0.0.1 at 2017-10-31 22:03:37 -0700
Processing by PostsController#vote as HTML
  Parameters: {"authenticity_token"=>"cJ0w22uXQy81kQ/mThbKNnrMxv0pfbWgNHXHM+l+uo0nE/To7xoCQyYyWrK6kxxpm0s2t4hkcXfRlOK4pQk2jg==", "id"=>"1"}
  [1m[36mPost Load (0.9ms)[0m  [1m[34mSELECT  "posts".* FROM "posts" WHERE "posts"."id" = ? LIMIT ?[0m  [["id", 1], ["LIMIT", 1]]
  [1m[35m (0.1ms)[0m  [1m[36mbegin transaction[0m
  [1m[35mSQL (1.8ms)[0m  [1m[33mUPDATE "posts" SET "votes" = ?, "updated_at" = ? WHERE "posts"."id" = ?[0m  [["votes", 1], ["updated_at", "2017-11-01 05:03:37.201154"], ["id", 1]]
  [1m[35m (1.5ms)[0m  [1m[36mcommit transaction[0m
Redirected to http://localhost:3000/
Completed 302 Found in 14ms (ActiveRecord: 4.2ms)


Started GET "/" for 127.0.0.1 at 2017-10-31 22:03:37 -0700
Processing by PostsController#index as HTML
  Rendering posts/index.html.erb within layouts/application
  [1m[36mPost Load (0.3ms)[0m  [1m[34mSELECT "posts".* FROM "posts"[0m
  Rendered posts/index.html.erb within layouts/application (6.2ms)
Completed 200 OK in 50ms (Views: 46.1ms | ActiveRecord: 0.3ms)


Started PATCH "/posts/2" for 127.0.0.1 at 2017-10-31 22:03:38 -0700
Processing by PostsController#vote as HTML
  Parameters: {"authenticity_token"=>"ERT+A8znUYKlfC8Xgu40wOUrIC9hRW7DfU7hnJmwdIZGmjowSGoQ7rbfekN2a+KfBKzQZcBcqhSYr8QX1cf4hQ==", "id"=>"2"}
  [1m[36mPost Load (0.2ms)[0m  [1m[34mSELECT  "posts".* FROM "posts" WHERE "posts"."id" = ? LIMIT ?[0m  [["id", 2], ["LIMIT", 1]]
  [1m[35m (0.1ms)[0m  [1m[36mbegin transaction[0m
  [1m[35mSQL (0.3ms)[0m  [1m[33mUPDATE "posts" SET "votes" = ?, "updated_at" = ? WHERE "posts"."id" = ?[0m  [["votes", 1], ["updated_at", "2017-11-01 05:03:38.843572"], ["id", 2]]
  [1m[35m (1.6ms)[0m  [1m[36mcommit transaction[0m
Redirected to http://localhost:3000/
Completed 302 Found in 6ms (ActiveRecord: 2.2ms)


Started GET "/" for 127.0.0.1 at 2017-10-31 22:03:38 -0700
Processing by PostsController#index as HTML
  Rendering posts/index.html.erb within layouts/application
  [1m[36mPost Load (0.4ms)[0m  [1m[34mSELECT "posts".* FROM "posts"[0m
  Rendered posts/index.html.erb within layouts/application (5.0ms)
Completed 200 OK in 27ms (Views: 24.9ms | ActiveRecord: 0.4ms)


Started PATCH "/posts/2" for 127.0.0.1 at 2017-10-31 22:03:40 -0700
Processing by PostsController#vote as HTML
  Parameters: {"authenticity_token"=>"ualEfkXi38zCTzFnuH6uXBI9k38BgD7mIZUo35FoTbTuJ4BNwW+eoNHsZDNM+3gD87pjNaCZ+jHEdA1U3R/Btw==", "id"=>"2"}
  [1m[36mPost Load (0.1ms)[0m  [1m[34mSELECT  "posts".* FROM "posts" WHERE "posts"."id" = ? LIMIT ?[0m  [["id", 2], ["LIMIT", 1]]
  [1m[35m (0.1ms)[0m  [1m[36mbegin transaction[0m
  [1m[35mSQL (0.5ms)[0m  [1m[33mUPDATE "posts" SET "votes" = ?, "updated_at" = ? WHERE "posts"."id" = ?[0m  [["votes", 2], ["updated_at", "2017-11-01 05:03:40.417040"], ["id", 2]]
  [1m[35m (3.5ms)[0m  [1m[36mcommit transaction[0m
Redirected to http://localhost:3000/
Completed 302 Found in 8ms (ActiveRecord: 4.1ms)


Started GET "/" for 127.0.0.1 at 2017-10-31 22:03:40 -0700
Processing by PostsController#index as HTML
  Rendering posts/index.html.erb within layouts/application
  [1m[36mPost Load (1.4ms)[0m  [1m[34mSELECT "posts".* FROM "posts"[0m
  Rendered posts/index.html.erb within layouts/application (4.5ms)
Completed 200 OK in 34ms (Views: 30.4ms | ActiveRecord: 1.4ms)


Started PATCH "/posts/1" for 127.0.0.1 at 2017-10-31 22:03:41 -0700
Processing by PostsController#vote as HTML
  Parameters: {"authenticity_token"=>"16nHSECNkO3pWmLmMoahOb6cWbW2cTwzV7RQgP+JqLCAJwN7xADRgfr5N7LGA3dmXxup/xdo+OSyVXULs/4ksw==", "id"=>"1"}
  [1m[36mPost Load (0.1ms)[0m  [1m[34mSELECT  "posts".* FROM "posts" WHERE "posts"."id" = ? LIMIT ?[0m  [["id", 1], ["LIMIT", 1]]
  [1m[35m (0.1ms)[0m  [1m[36mbegin transaction[0m
  [1m[35mSQL (0.3ms)[0m  [1m[33mUPDATE "posts" SET "votes" = ?, "updated_at" = ? WHERE "posts"."id" = ?[0m  [["votes", 2], ["updated_at", "2017-11-01 05:03:41.463238"], ["id", 1]]
  [1m[35m (4.9ms)[0m  [1m[36mcommit transaction[0m
Redirected to http://localhost:3000/
Completed 302 Found in 9ms (ActiveRecord: 5.4ms)


Started GET "/" for 127.0.0.1 at 2017-10-31 22:03:41 -0700
Processing by PostsController#index as HTML
  Rendering posts/index.html.erb within layouts/application
  [1m[36mPost Load (0.3ms)[0m  [1m[34mSELECT "posts".* FROM "posts"[0m
  Rendered posts/index.html.erb within layouts/application (5.2ms)
Completed 200 OK in 24ms (Views: 22.1ms | ActiveRecord: 0.3ms)


Started GET "/" for 127.0.0.1 at 2017-10-31 22:16:23 -0700
Processing by PostsController#index as HTML
  Rendering posts/index.html.erb within layouts/application
  [1m[36mPost Load (0.1ms)[0m  [1m[34mSELECT "posts".* FROM "posts"[0m
  Rendered posts/index.html.erb within layouts/application (12.7ms)
Completed 500 Internal Server Error in 25ms (ActiveRecord: 0.9ms)


  
ActionView::Template::Error (undefined method `comments' for nil:NilClass):
     5: 	<%= p.text %>
     6: 	</h1>
     7: 
     8: 	<% @post.comments.each do |c| %>		
     9: 	<p>
    10: 		<%= c.text %>
    11: 	</p>
  
app/views/posts/index.html.erb:8:in `block in _app_views_posts_index_html_erb__3167682554031335558_70354746288200'
app/views/posts/index.html.erb:1:in `_app_views_posts_index_html_erb__3167682554031335558_70354746288200'
Started GET "/" for 127.0.0.1 at 2017-10-31 22:16:42 -0700
Processing by PostsController#index as HTML
  Rendering posts/index.html.erb within layouts/application
  [1m[36mPost Load (0.3ms)[0m  [1m[34mSELECT "posts".* FROM "posts"[0m
  [1m[36mComment Load (0.2ms)[0m  [1m[34mSELECT "comments".* FROM "comments" WHERE "comments"."post_id" = ?[0m  [["post_id", 1]]
  [1m[36mComment Load (0.1ms)[0m  [1m[34mSELECT "comments".* FROM "comments" WHERE "comments"."post_id" = ?[0m  [["post_id", 2]]
  Rendered posts/index.html.erb within layouts/application (66.5ms)
Completed 200 OK in 94ms (Views: 91.1ms | ActiveRecord: 0.8ms)


Started POST "/posts/1" for 127.0.0.1 at 2017-10-31 22:16:53 -0700
Processing by PostsController#createcomment as HTML
  Parameters: {"utf8"=>"✓", "authenticity_token"=>"IY+Nj4liXl+bjttADkwH1D8XQCoTLujiOIGGKOKmeTt2AUm8De8fM4gtjhT6ydGL3pCwYLI3LDXdYKOjrtH1OA==", "text"=>"comment 1", "commit"=>"submit!", "id"=>"1"}
  [1m[36mPost Load (0.2ms)[0m  [1m[34mSELECT  "posts".* FROM "posts" WHERE "posts"."id" = ? LIMIT ?[0m  [["id", 1], ["LIMIT", 1]]
Completed 500 Internal Server Error in 3ms (ActiveRecord: 0.2ms)


  
NoMethodError (undefined method `new' for nil:NilClass):
  
app/controllers/posts_controller.rb:16:in `createcomment'
Started POST "/posts/1" for 127.0.0.1 at 2017-10-31 22:17:05 -0700
Processing by PostsController#createcomment as HTML
  Parameters: {"utf8"=>"✓", "authenticity_token"=>"IY+Nj4liXl+bjttADkwH1D8XQCoTLujiOIGGKOKmeTt2AUm8De8fM4gtjhT6ydGL3pCwYLI3LDXdYKOjrtH1OA==", "text"=>"comment 1", "commit"=>"submit!", "id"=>"1"}
  [1m[36mPost Load (0.2ms)[0m  [1m[34mSELECT  "posts".* FROM "posts" WHERE "posts"."id" = ? LIMIT ?[0m  [["id", 1], ["LIMIT", 1]]
  [1m[35m (0.1ms)[0m  [1m[36mbegin transaction[0m
  [1m[35m (0.1ms)[0m  [1m[31mrollback transaction[0m
Completed 500 Internal Server Error in 78ms (ActiveRecord: 2.0ms)


  
NoMethodError (undefined method `comment=' for #<Post:0x007ff9784771c8>
Did you mean?  comments=
               comments):
  
app/controllers/posts_controller.rb:19:in `createcomment'
Started POST "/posts/1" for 127.0.0.1 at 2017-10-31 22:18:16 -0700
Processing by PostsController#createcomment as HTML
  Parameters: {"utf8"=>"✓", "authenticity_token"=>"IY+Nj4liXl+bjttADkwH1D8XQCoTLujiOIGGKOKmeTt2AUm8De8fM4gtjhT6ydGL3pCwYLI3LDXdYKOjrtH1OA==", "text"=>"comment 1", "commit"=>"submit!", "id"=>"1"}
  [1m[36mPost Load (0.4ms)[0m  [1m[34mSELECT  "posts".* FROM "posts" WHERE "posts"."id" = ? LIMIT ?[0m  [["id", 1], ["LIMIT", 1]]
  [1m[35m (0.1ms)[0m  [1m[36mbegin transaction[0m
  [1m[35m (0.1ms)[0m  [1m[31mrollback transaction[0m
Redirected to http://localhost:3000/
Completed 302 Found in 44ms (ActiveRecord: 4.4ms)


Started GET "/" for 127.0.0.1 at 2017-10-31 22:18:16 -0700
Processing by PostsController#index as HTML
  Rendering posts/index.html.erb within layouts/application
  [1m[36mPost Load (0.2ms)[0m  [1m[34mSELECT "posts".* FROM "posts"[0m
  [1m[36mComment Load (0.1ms)[0m  [1m[34mSELECT "comments".* FROM "comments" WHERE "comments"."post_id" = ?[0m  [["post_id", 1]]
  [1m[36mComment Load (0.1ms)[0m  [1m[34mSELECT "comments".* FROM "comments" WHERE "comments"."post_id" = ?[0m  [["post_id", 2]]
  Rendered posts/index.html.erb within layouts/application (10.8ms)
Completed 200 OK in 36ms (Views: 32.1ms | ActiveRecord: 0.4ms)


Started POST "/posts/1" for 127.0.0.1 at 2017-10-31 22:18:21 -0700
Processing by PostsController#createcomment as HTML
  Parameters: {"utf8"=>"✓", "authenticity_token"=>"t19HDsrIH2CkCoyzRPS6f9Mxw9H75fJNGzDXS01UA2bg0YM9TkVeDLep2eewcWwgMrYzm1r8Npr+0fLAASOPZQ==", "text"=>"hello", "commit"=>"submit!", "id"=>"1"}
  [1m[36mPost Load (0.1ms)[0m  [1m[34mSELECT  "posts".* FROM "posts" WHERE "posts"."id" = ? LIMIT ?[0m  [["id", 1], ["LIMIT", 1]]
  [1m[35m (0.1ms)[0m  [1m[36mbegin transaction[0m
  [1m[35m (0.1ms)[0m  [1m[31mrollback transaction[0m
Redirected to http://localhost:3000/
Completed 302 Found in 7ms (ActiveRecord: 0.3ms)


Started GET "/" for 127.0.0.1 at 2017-10-31 22:18:21 -0700
Processing by PostsController#index as HTML
  Rendering posts/index.html.erb within layouts/application
  [1m[36mPost Load (0.2ms)[0m  [1m[34mSELECT "posts".* FROM "posts"[0m
  [1m[36mComment Load (0.2ms)[0m  [1m[34mSELECT "comments".* FROM "comments" WHERE "comments"."post_id" = ?[0m  [["post_id", 1]]
  [1m[36mComment Load (0.2ms)[0m  [1m[34mSELECT "comments".* FROM "comments" WHERE "comments"."post_id" = ?[0m  [["post_id", 2]]
  Rendered posts/index.html.erb within layouts/application (11.1ms)
Completed 200 OK in 54ms (Views: 51.7ms | ActiveRecord: 0.5ms)


Started GET "/" for 127.0.0.1 at 2017-10-31 22:19:49 -0700
Processing by PostsController#index as HTML
  Rendering posts/index.html.erb within layouts/application
  [1m[36mPost Load (0.1ms)[0m  [1m[34mSELECT "posts".* FROM "posts"[0m
  [1m[36mComment Load (0.2ms)[0m  [1m[34mSELECT "comments".* FROM "comments" WHERE "comments"."post_id" = ?[0m  [["post_id", 1]]
  [1m[36mComment Load (0.1ms)[0m  [1m[34mSELECT "comments".* FROM "comments" WHERE "comments"."post_id" = ?[0m  [["post_id", 2]]
  Rendered posts/index.html.erb within layouts/application (29.8ms)
Completed 200 OK in 56ms (Views: 49.4ms | ActiveRecord: 1.9ms)


Started POST "/posts/1" for 127.0.0.1 at 2017-10-31 22:19:53 -0700
Processing by PostsController#createcomment as HTML
  Parameters: {"utf8"=>"✓", "authenticity_token"=>"uiaOC/z83eTZEpjeXAUiSehiyW1T+ZhQFJFZVZi4cQ3tqEo4eHGciMqxzYqogPQWCeU5J/LgXIfxcHze1M/9Dg==", "text"=>"sdafasdfadsf", "commit"=>"submit!", "id"=>"1"}
  [1m[36mPost Load (0.3ms)[0m  [1m[34mSELECT  "posts".* FROM "posts" WHERE "posts"."id" = ? LIMIT ?[0m  [["id", 1], ["LIMIT", 1]]
  [1m[35m (0.1ms)[0m  [1m[36mbegin transaction[0m
  [1m[35mSQL (0.6ms)[0m  [1m[32mINSERT INTO "comments" ("text", "post_id", "created_at", "updated_at") VALUES (?, ?, ?, ?)[0m  [["text", "sdafasdfadsf"], ["post_id", 1], ["created_at", "2017-11-01 05:19:53.338941"], ["updated_at", "2017-11-01 05:19:53.338941"]]
  [1m[35m (2.1ms)[0m  [1m[36mcommit transaction[0m
Redirected to http://localhost:3000/
Completed 302 Found in 14ms (ActiveRecord: 3.4ms)


Started GET "/" for 127.0.0.1 at 2017-10-31 22:19:53 -0700
Processing by PostsController#index as HTML
  Rendering posts/index.html.erb within layouts/application
  [1m[36mPost Load (0.3ms)[0m  [1m[34mSELECT "posts".* FROM "posts"[0m
  [1m[36mComment Load (0.1ms)[0m  [1m[34mSELECT "comments".* FROM "comments" WHERE "comments"."post_id" = ?[0m  [["post_id", 1]]
  [1m[36mComment Load (0.1ms)[0m  [1m[34mSELECT "comments".* FROM "comments" WHERE "comments"."post_id" = ?[0m  [["post_id", 2]]
  Rendered posts/index.html.erb within layouts/application (5.0ms)
Completed 200 OK in 19ms (Views: 17.3ms | ActiveRecord: 0.4ms)


Started POST "/posts/1" for 127.0.0.1 at 2017-10-31 22:19:55 -0700
Processing by PostsController#createcomment as HTML
  Parameters: {"utf8"=>"✓", "authenticity_token"=>"iHcSR9g1fi84PuZ6Y5HpO1zPnen7AnDnnR0wOCkxuAbf+dZ0XLg/Qyudsy6XFD9kvUhto1obtDB4/BWzZUY0BQ==", "text"=>"adsfadsfadsf", "commit"=>"submit!", "id"=>"1"}
  [1m[36mPost Load (0.2ms)[0m  [1m[34mSELECT  "posts".* FROM "posts" WHERE "posts"."id" = ? LIMIT ?[0m  [["id", 1], ["LIMIT", 1]]
  [1m[35m (0.1ms)[0m  [1m[36mbegin transaction[0m
  [1m[35mSQL (0.3ms)[0m  [1m[32mINSERT INTO "comments" ("text", "post_id", "created_at", "updated_at") VALUES (?, ?, ?, ?)[0m  [["text", "adsfadsfadsf"], ["post_id", 1], ["created_at", "2017-11-01 05:19:55.659129"], ["updated_at", "2017-11-01 05:19:55.659129"]]
  [1m[35m (3.2ms)[0m  [1m[36mcommit transaction[0m
Redirected to http://localhost:3000/
Completed 302 Found in 8ms (ActiveRecord: 3.8ms)


Started GET "/" for 127.0.0.1 at 2017-10-31 22:19:55 -0700
Processing by PostsController#index as HTML
  Rendering posts/index.html.erb within layouts/application
  [1m[36mPost Load (0.2ms)[0m  [1m[34mSELECT "posts".* FROM "posts"[0m
  [1m[36mComment Load (0.1ms)[0m  [1m[34mSELECT "comments".* FROM "comments" WHERE "comments"."post_id" = ?[0m  [["post_id", 1]]
  [1m[36mComment Load (0.1ms)[0m  [1m[34mSELECT "comments".* FROM "comments" WHERE "comments"."post_id" = ?[0m  [["post_id", 2]]
  Rendered posts/index.html.erb within layouts/application (5.0ms)
Completed 200 OK in 18ms (Views: 16.5ms | ActiveRecord: 0.4ms)


Started GET "/" for 127.0.0.1 at 2017-10-31 22:20:31 -0700
Processing by PostsController#index as HTML
  Rendering posts/index.html.erb within layouts/application
  [1m[36mPost Load (0.2ms)[0m  [1m[34mSELECT "posts".* FROM "posts"[0m
  [1m[36mComment Load (0.4ms)[0m  [1m[34mSELECT "comments".* FROM "comments" WHERE "comments"."post_id" = ?[0m  [["post_id", 1]]
  [1m[36mComment Load (0.2ms)[0m  [1m[34mSELECT "comments".* FROM "comments" WHERE "comments"."post_id" = ?[0m  [["post_id", 2]]
  Rendered posts/index.html.erb within layouts/application (9.2ms)
Completed 200 OK in 36ms (Views: 29.5ms | ActiveRecord: 0.8ms)


Started GET "/" for 127.0.0.1 at 2017-10-31 22:20:50 -0700
Processing by PostsController#index as HTML
  Rendering posts/index.html.erb within layouts/application
  [1m[36mPost Load (0.2ms)[0m  [1m[34mSELECT "posts".* FROM "posts"[0m
  [1m[36mComment Load (0.1ms)[0m  [1m[34mSELECT "comments".* FROM "comments" WHERE "comments"."post_id" = ?[0m  [["post_id", 1]]
  [1m[36mComment Load (0.1ms)[0m  [1m[34mSELECT "comments".* FROM "comments" WHERE "comments"."post_id" = ?[0m  [["post_id", 2]]
  Rendered posts/index.html.erb within layouts/application (5.4ms)
Completed 200 OK in 23ms (Views: 18.3ms | ActiveRecord: 0.4ms)


Started GET "/" for 127.0.0.1 at 2017-10-31 22:21:03 -0700
Processing by PostsController#index as HTML
  Rendering posts/index.html.erb within layouts/application
  [1m[36mPost Load (0.2ms)[0m  [1m[34mSELECT "posts".* FROM "posts"[0m
  [1m[36mComment Load (0.1ms)[0m  [1m[34mSELECT "comments".* FROM "comments" WHERE "comments"."post_id" = ?[0m  [["post_id", 1]]
  [1m[36mComment Load (0.1ms)[0m  [1m[34mSELECT "comments".* FROM "comments" WHERE "comments"."post_id" = ?[0m  [["post_id", 2]]
  Rendered posts/index.html.erb within layouts/application (5.1ms)
Completed 200 OK in 21ms (Views: 18.8ms | ActiveRecord: 0.3ms)


Started GET "/" for 127.0.0.1 at 2017-10-31 22:24:29 -0700
  
NameError (undefined local variable or method `createcomment' for #<ActionDispatch::Routing::Mapper:0x007ff97da00ec8>):
  
config/routes.rb:10:in `block (2 levels) in <top (required)>'
config/routes.rb:9:in `block in <top (required)>'
config/routes.rb:1:in `<top (required)>'
Started GET "/" for 127.0.0.1 at 2017-10-31 22:26:55 -0700
  
NameError (undefined local variable or method `createcomment' for #<ActionDispatch::Routing::Mapper:0x007ff97dc4cba0>):
  
config/routes.rb:10:in `block (2 levels) in <top (required)>'
config/routes.rb:9:in `block in <top (required)>'
config/routes.rb:1:in `<top (required)>'
Started GET "/" for 127.0.0.1 at 2017-10-31 22:27:07 -0700
Processing by PostsController#index as HTML
  Rendering posts/index.html.erb within layouts/application
  [1m[36mPost Load (0.5ms)[0m  [1m[34mSELECT "posts".* FROM "posts"[0m
  [1m[36mComment Load (0.3ms)[0m  [1m[34mSELECT "comments".* FROM "comments" WHERE "comments"."post_id" = ?[0m  [["post_id", 1]]
  [1m[36mComment Load (0.1ms)[0m  [1m[34mSELECT "comments".* FROM "comments" WHERE "comments"."post_id" = ?[0m  [["post_id", 2]]
  Rendered posts/index.html.erb within layouts/application (40.9ms)
Completed 200 OK in 88ms (Views: 77.6ms | ActiveRecord: 2.9ms)


Started PATCH "/posts/1" for 127.0.0.1 at 2017-10-31 22:27:10 -0700
Processing by PostsController#vote as HTML
  Parameters: {"authenticity_token"=>"Yv4wVftNnT4gB6xSF5dUu8jQcpOllxiq4HvFCMvZLoo1cPRmf8DcUjOk+QbjEoLkKVeC2QSO3H0FmuCDh66iiQ==", "id"=>"1"}
Completed 401 Unauthorized in 17ms (ActiveRecord: 0.0ms)


Started GET "/users/sign_in" for 127.0.0.1 at 2017-10-31 22:27:10 -0700
Processing by Devise::SessionsController#new as HTML
  Rendering devise/sessions/new.html.erb within layouts/application
  Rendered devise/shared/_links.html.erb (1.7ms)
  Rendered devise/sessions/new.html.erb within layouts/application (35.0ms)
Completed 200 OK in 94ms (Views: 63.5ms | ActiveRecord: 0.6ms)


Started POST "/posts/1" for 127.0.0.1 at 2017-10-31 22:27:17 -0700
Processing by PostsController#createcomment as HTML
  Parameters: {"utf8"=>"✓", "authenticity_token"=>"Yv4wVftNnT4gB6xSF5dUu8jQcpOllxiq4HvFCMvZLoo1cPRmf8DcUjOk+QbjEoLkKVeC2QSO3H0FmuCDh66iiQ==", "text"=>"adasda", "commit"=>"submit!", "id"=>"1"}
  [1m[36mPost Load (0.2ms)[0m  [1m[34mSELECT  "posts".* FROM "posts" WHERE "posts"."id" = ? LIMIT ?[0m  [["id", 1], ["LIMIT", 1]]
  [1m[35m (0.1ms)[0m  [1m[36mbegin transaction[0m
  [1m[35mSQL (2.1ms)[0m  [1m[32mINSERT INTO "comments" ("text", "post_id", "created_at", "updated_at") VALUES (?, ?, ?, ?)[0m  [["text", "adasda"], ["post_id", 1], ["created_at", "2017-11-01 05:27:17.725606"], ["updated_at", "2017-11-01 05:27:17.725606"]]
  [1m[35m (3.1ms)[0m  [1m[36mcommit transaction[0m
Redirected to http://localhost:3000/
Completed 302 Found in 9ms (ActiveRecord: 5.5ms)


Started GET "/" for 127.0.0.1 at 2017-10-31 22:27:17 -0700
Processing by PostsController#index as HTML
  Rendering posts/index.html.erb within layouts/application
  [1m[36mPost Load (0.3ms)[0m  [1m[34mSELECT "posts".* FROM "posts"[0m
  [1m[36mComment Load (0.1ms)[0m  [1m[34mSELECT "comments".* FROM "comments" WHERE "comments"."post_id" = ?[0m  [["post_id", 1]]
  [1m[36mComment Load (0.1ms)[0m  [1m[34mSELECT "comments".* FROM "comments" WHERE "comments"."post_id" = ?[0m  [["post_id", 2]]
  Rendered posts/index.html.erb within layouts/application (6.8ms)
Completed 200 OK in 28ms (Views: 24.7ms | ActiveRecord: 0.5ms)


Started POST "/posts/1" for 127.0.0.1 at 2017-10-31 22:27:20 -0700
Processing by PostsController#createcomment as HTML
  Parameters: {"utf8"=>"✓", "authenticity_token"=>"VrYnaYN5dLm1z2txIgdmj7cBoVoEUyQIFgG+8WfqEk8BOONaB/Q11aZsPiXWgrDQVoZREKVK4N/z4Jt6K52eTA==", "text"=>"asdasdsadasd", "commit"=>"submit!", "id"=>"1"}
  [1m[36mPost Load (0.1ms)[0m  [1m[34mSELECT  "posts".* FROM "posts" WHERE "posts"."id" = ? LIMIT ?[0m  [["id", 1], ["LIMIT", 1]]
  [1m[35m (0.1ms)[0m  [1m[36mbegin transaction[0m
  [1m[35mSQL (0.3ms)[0m  [1m[32mINSERT INTO "comments" ("text", "post_id", "created_at", "updated_at") VALUES (?, ?, ?, ?)[0m  [["text", "asdasdsadasd"], ["post_id", 1], ["created_at", "2017-11-01 05:27:20.209495"], ["updated_at", "2017-11-01 05:27:20.209495"]]
  [1m[35m (2.6ms)[0m  [1m[36mcommit transaction[0m
Redirected to http://localhost:3000/
Completed 302 Found in 7ms (ActiveRecord: 3.1ms)


Started GET "/" for 127.0.0.1 at 2017-10-31 22:27:20 -0700
Processing by PostsController#index as HTML
  Rendering posts/index.html.erb within layouts/application
  [1m[36mPost Load (0.2ms)[0m  [1m[34mSELECT "posts".* FROM "posts"[0m
  [1m[36mComment Load (0.1ms)[0m  [1m[34mSELECT "comments".* FROM "comments" WHERE "comments"."post_id" = ?[0m  [["post_id", 1]]
  [1m[36mComment Load (0.2ms)[0m  [1m[34mSELECT "comments".* FROM "comments" WHERE "comments"."post_id" = ?[0m  [["post_id", 2]]
  Rendered posts/index.html.erb within layouts/application (6.4ms)
Completed 200 OK in 24ms (Views: 21.8ms | ActiveRecord: 0.4ms)


Started POST "/posts/1" for 127.0.0.1 at 2017-10-31 22:27:22 -0700
Processing by PostsController#createcomment as HTML
  Parameters: {"utf8"=>"✓", "authenticity_token"=>"oLUXt4wge4o4RJsTzsPe++soY9daVKCGYXhQmvVHx273O9OECK065ivnzkc6RgikCq+TnftNZFGEmXURuTBLbQ==", "text"=>"asdasdasdasd", "commit"=>"submit!", "id"=>"1"}
  [1m[36mPost Load (0.1ms)[0m  [1m[34mSELECT  "posts".* FROM "posts" WHERE "posts"."id" = ? LIMIT ?[0m  [["id", 1], ["LIMIT", 1]]
  [1m[35m (0.1ms)[0m  [1m[36mbegin transaction[0m
  [1m[35mSQL (0.4ms)[0m  [1m[32mINSERT INTO "comments" ("text", "post_id", "created_at", "updated_at") VALUES (?, ?, ?, ?)[0m  [["text", "asdasdasdasd"], ["post_id", 1], ["created_at", "2017-11-01 05:27:22.093426"], ["updated_at", "2017-11-01 05:27:22.093426"]]
  [1m[35m (5.2ms)[0m  [1m[36mcommit transaction[0m
Redirected to http://localhost:3000/
Completed 302 Found in 9ms (ActiveRecord: 5.7ms)


Started GET "/" for 127.0.0.1 at 2017-10-31 22:27:22 -0700
Processing by PostsController#index as HTML
  Rendering posts/index.html.erb within layouts/application
  [1m[36mPost Load (0.6ms)[0m  [1m[34mSELECT "posts".* FROM "posts"[0m
  [1m[36mComment Load (0.3ms)[0m  [1m[34mSELECT "comments".* FROM "comments" WHERE "comments"."post_id" = ?[0m  [["post_id", 1]]
  [1m[36mComment Load (0.1ms)[0m  [1m[34mSELECT "comments".* FROM "comments" WHERE "comments"."post_id" = ?[0m  [["post_id", 2]]
  Rendered posts/index.html.erb within layouts/application (10.5ms)
Completed 200 OK in 31ms (Views: 28.2ms | ActiveRecord: 0.9ms)


Started PATCH "/posts/1" for 127.0.0.1 at 2017-10-31 22:27:23 -0700
Processing by PostsController#vote as HTML
  Parameters: {"authenticity_token"=>"pSsu7UKCeSFZ/tl3NfkVpnuz9SrSRZPGR/0ERV4qtdLyperexg84TUpdjCPBfMP5mjQFYHNcVxGiHCHOEl050Q==", "id"=>"1"}
Completed 401 Unauthorized in 1ms (ActiveRecord: 0.0ms)


Started GET "/users/sign_in" for 127.0.0.1 at 2017-10-31 22:27:23 -0700
Processing by Devise::SessionsController#new as HTML
  Rendering devise/sessions/new.html.erb within layouts/application
  Rendered devise/shared/_links.html.erb (2.3ms)
  Rendered devise/sessions/new.html.erb within layouts/application (6.9ms)
Completed 200 OK in 31ms (Views: 30.0ms | ActiveRecord: 0.0ms)


Started GET "/" for 127.0.0.1 at 2017-11-08 18:38:23 -0800
  [1m[35m (0.1ms)[0m  [1m[34mSELECT "schema_migrations"."version" FROM "schema_migrations" ORDER BY "schema_migrations"."version" ASC[0m
Processing by PostsController#index as HTML
  Rendering posts/index.html.erb within layouts/application
  [1m[36mPost Load (0.2ms)[0m  [1m[34mSELECT "posts".* FROM "posts"[0m
  [1m[36mComment Load (0.2ms)[0m  [1m[34mSELECT "comments".* FROM "comments" WHERE "comments"."post_id" = ?[0m  [["post_id", 1]]
  [1m[36mComment Load (0.1ms)[0m  [1m[34mSELECT "comments".* FROM "comments" WHERE "comments"."post_id" = ?[0m  [["post_id", 2]]
  Rendered posts/index.html.erb within layouts/application (88.0ms)
Completed 200 OK in 331ms (Views: 306.0ms | ActiveRecord: 1.4ms)


Started GET "/" for 127.0.0.1 at 2017-11-08 18:39:38 -0800
Processing by PostsController#index as HTML
  Rendering posts/index.html.erb within layouts/application
  [1m[36mPost Load (0.4ms)[0m  [1m[34mSELECT "posts".* FROM "posts"[0m
  [1m[36mComment Load (0.1ms)[0m  [1m[34mSELECT "comments".* FROM "comments" WHERE "comments"."post_id" = ?[0m  [["post_id", 1]]
  [1m[36mComment Load (0.1ms)[0m  [1m[34mSELECT "comments".* FROM "comments" WHERE "comments"."post_id" = ?[0m  [["post_id", 2]]
  Rendered posts/index.html.erb within layouts/application (6.2ms)
Completed 200 OK in 23ms (Views: 18.8ms | ActiveRecord: 0.6ms)


Started POST "/posts" for 127.0.0.1 at 2017-11-08 18:39:42 -0800
Processing by PostsController#create as HTML
  Parameters: {"utf8"=>"✓", "authenticity_token"=>"httjV7mBuDNNdFF3Jy3Z/eJSnHIhZSBJIIFAOqXahFHRVadkPQz5X17XBCPTqA+iA9VsOIB85J7FYGWx6a0IUg==", "text"=>"sdfasdfsadfdsa", "commit"=>"submit!"}
  [1m[35m (0.1ms)[0m  [1m[36mbegin transaction[0m
  [1m[35mSQL (0.5ms)[0m  [1m[32mINSERT INTO "posts" ("text", "votes", "created_at", "updated_at") VALUES (?, ?, ?, ?)[0m  [["text", "sdfasdfsadfdsa"], ["votes", 0], ["created_at", "2017-11-09 02:39:42.100879"], ["updated_at", "2017-11-09 02:39:42.100879"]]
  [1m[35m (2.6ms)[0m  [1m[36mcommit transaction[0m
Redirected to http://localhost:3000/
Completed 302 Found in 6ms (ActiveRecord: 3.1ms)


Started GET "/" for 127.0.0.1 at 2017-11-08 18:39:42 -0800
Processing by PostsController#index as HTML
  Rendering posts/index.html.erb within layouts/application
  [1m[36mPost Load (0.2ms)[0m  [1m[34mSELECT "posts".* FROM "posts"[0m
  [1m[36mComment Load (0.1ms)[0m  [1m[34mSELECT "comments".* FROM "comments" WHERE "comments"."post_id" = ?[0m  [["post_id", 1]]
  [1m[36mComment Load (0.1ms)[0m  [1m[34mSELECT "comments".* FROM "comments" WHERE "comments"."post_id" = ?[0m  [["post_id", 2]]
  [1m[36mComment Load (0.1ms)[0m  [1m[34mSELECT "comments".* FROM "comments" WHERE "comments"."post_id" = ?[0m  [["post_id", 3]]
  Rendered posts/index.html.erb within layouts/application (6.8ms)
Completed 200 OK in 20ms (Views: 17.9ms | ActiveRecord: 0.5ms)


Started PATCH "/posts/3" for 127.0.0.1 at 2017-11-08 18:39:44 -0800
Processing by PostsController#vote as HTML
  Parameters: {"authenticity_token"=>"6/VWmwcx/y/yJLkGFffIYUuDK7+qqxKVJXKV7cKvgzS8e5Kog7y+Q+GH7FLhch4+qgTb9Quy1kLAk7BmjtgPNw==", "id"=>"3"}
Completed 401 Unauthorized in 30ms (ActiveRecord: 0.0ms)


Started GET "/users/sign_in" for 127.0.0.1 at 2017-11-08 18:39:45 -0800
Processing by Devise::SessionsController#new as HTML
  Rendering devise/sessions/new.html.erb within layouts/application
  Rendered devise/shared/_links.html.erb (1.4ms)
  Rendered devise/sessions/new.html.erb within layouts/application (30.3ms)
Completed 200 OK in 67ms (Views: 46.1ms | ActiveRecord: 0.6ms)


Started POST "/users/sign_in" for 127.0.0.1 at 2017-11-08 18:39:47 -0800
Processing by Devise::SessionsController#create as HTML
  Parameters: {"utf8"=>"✓", "authenticity_token"=>"MU0z3J7HpmrmcGc8B5k0E/9525Be7pCovT/Rsa1z7uJmw/fvGkrnBvXTMmjzHOJMHv4r2v/3VH9Y3vQ64QRi4Q==", "user"=>{"email"=>"felixli12345@gmail.com", "password"=>"[FILTERED]", "remember_me"=>"0"}, "commit"=>"Log in"}
  [1m[36mUser Load (0.2ms)[0m  [1m[34mSELECT  "users".* FROM "users" WHERE "users"."email" = ? ORDER BY "users"."id" ASC LIMIT ?[0m  [["email", "felixli12345@gmail.com"], ["LIMIT", 1]]
Completed 401 Unauthorized in 5ms (ActiveRecord: 0.2ms)


Processing by Devise::SessionsController#new as HTML
  Parameters: {"utf8"=>"✓", "authenticity_token"=>"MU0z3J7HpmrmcGc8B5k0E/9525Be7pCovT/Rsa1z7uJmw/fvGkrnBvXTMmjzHOJMHv4r2v/3VH9Y3vQ64QRi4Q==", "user"=>{"email"=>"felixli12345@gmail.com", "password"=>"[FILTERED]", "remember_me"=>"0"}, "commit"=>"Log in"}
  Rendering devise/sessions/new.html.erb within layouts/application
  Rendered devise/shared/_links.html.erb (0.9ms)
  Rendered devise/sessions/new.html.erb within layouts/application (4.2ms)
Completed 200 OK in 177ms (Views: 19.0ms | ActiveRecord: 0.0ms)


Started POST "/users/sign_in" for 127.0.0.1 at 2017-11-08 18:39:48 -0800
Processing by Devise::SessionsController#create as HTML
  Parameters: {"utf8"=>"✓", "authenticity_token"=>"eiT4ei1b2a6NmPzxkwOvM21VScgJM/nHnFmHwU4MqpAtqjxJqdaYwp47qaVnhnlsjNK5gqgqPRB5uKJKAnsmkw==", "user"=>{"email"=>"felixli12345@gmail.com", "password"=>"[FILTERED]", "remember_me"=>"0"}, "commit"=>"Log in"}
  [1m[36mUser Load (0.2ms)[0m  [1m[34mSELECT  "users".* FROM "users" WHERE "users"."email" = ? ORDER BY "users"."id" ASC LIMIT ?[0m  [["email", "felixli12345@gmail.com"], ["LIMIT", 1]]
Completed 401 Unauthorized in 2ms (ActiveRecord: 0.2ms)


Processing by Devise::SessionsController#new as HTML
  Parameters: {"utf8"=>"✓", "authenticity_token"=>"eiT4ei1b2a6NmPzxkwOvM21VScgJM/nHnFmHwU4MqpAtqjxJqdaYwp47qaVnhnlsjNK5gqgqPRB5uKJKAnsmkw==", "user"=>{"email"=>"felixli12345@gmail.com", "password"=>"[FILTERED]", "remember_me"=>"0"}, "commit"=>"Log in"}
  Rendering devise/sessions/new.html.erb within layouts/application
  Rendered devise/shared/_links.html.erb (1.0ms)
  Rendered devise/sessions/new.html.erb within layouts/application (4.1ms)
Completed 200 OK in 156ms (Views: 19.4ms | ActiveRecord: 0.0ms)


Started POST "/users/sign_in" for 127.0.0.1 at 2017-11-08 18:39:50 -0800
Processing by Devise::SessionsController#create as HTML
  Parameters: {"utf8"=>"✓", "authenticity_token"=>"szHEqYOuEcGUqs/FLy0xjSGzjofU4EesnZheE9VV/w3kvwCaByNQrYcJmpHbqOfSwDR+zXX5g3t4eXuYmSJzDg==", "user"=>{"email"=>"felixli12345@gmail.com", "password"=>"[FILTERED]", "remember_me"=>"0"}, "commit"=>"Log in"}
  [1m[36mUser Load (0.2ms)[0m  [1m[34mSELECT  "users".* FROM "users" WHERE "users"."email" = ? ORDER BY "users"."id" ASC LIMIT ?[0m  [["email", "felixli12345@gmail.com"], ["LIMIT", 1]]
Completed 401 Unauthorized in 2ms (ActiveRecord: 0.2ms)


Processing by Devise::SessionsController#new as HTML
  Parameters: {"utf8"=>"✓", "authenticity_token"=>"szHEqYOuEcGUqs/FLy0xjSGzjofU4EesnZheE9VV/w3kvwCaByNQrYcJmpHbqOfSwDR+zXX5g3t4eXuYmSJzDg==", "user"=>{"email"=>"felixli12345@gmail.com", "password"=>"[FILTERED]", "remember_me"=>"0"}, "commit"=>"Log in"}
  Rendering devise/sessions/new.html.erb within layouts/application
  Rendered devise/shared/_links.html.erb (0.9ms)
  Rendered devise/sessions/new.html.erb within layouts/application (4.4ms)
Completed 200 OK in 156ms (Views: 18.8ms | ActiveRecord: 0.0ms)


Started POST "/users/sign_in" for 127.0.0.1 at 2017-11-08 18:39:51 -0800
Processing by Devise::SessionsController#create as HTML
  Parameters: {"utf8"=>"✓", "authenticity_token"=>"QvBMcQoFnCm+o6gilnGu20E6ow7GzgMo7ZHHfI2pxo4VfohCjojdRa0A/XZi9HiEoL1TRGfXx/8IcOL3wd5KjQ==", "user"=>{"email"=>"felixli12345@gmail.com", "password"=>"[FILTERED]", "remember_me"=>"0"}, "commit"=>"Log in"}
  [1m[36mUser Load (0.2ms)[0m  [1m[34mSELECT  "users".* FROM "users" WHERE "users"."email" = ? ORDER BY "users"."id" ASC LIMIT ?[0m  [["email", "felixli12345@gmail.com"], ["LIMIT", 1]]
Completed 401 Unauthorized in 2ms (ActiveRecord: 0.2ms)


Processing by Devise::SessionsController#new as HTML
  Parameters: {"utf8"=>"✓", "authenticity_token"=>"QvBMcQoFnCm+o6gilnGu20E6ow7GzgMo7ZHHfI2pxo4VfohCjojdRa0A/XZi9HiEoL1TRGfXx/8IcOL3wd5KjQ==", "user"=>{"email"=>"felixli12345@gmail.com", "password"=>"[FILTERED]", "remember_me"=>"0"}, "commit"=>"Log in"}
  Rendering devise/sessions/new.html.erb within layouts/application
  Rendered devise/shared/_links.html.erb (1.0ms)
  Rendered devise/sessions/new.html.erb within layouts/application (4.6ms)
Completed 200 OK in 153ms (Views: 19.2ms | ActiveRecord: 0.0ms)


Started POST "/users/sign_in" for 127.0.0.1 at 2017-11-08 18:39:54 -0800
Processing by Devise::SessionsController#create as HTML
  Parameters: {"utf8"=>"✓", "authenticity_token"=>"sWBhYPmD/d/3cKxtSVju5va1QjxglUFf0nqC3J8SFgzm7qVTfQ68s+TT+Tm93Ti5FzKydsGMhYg3m6dX02WaDw==", "user"=>{"email"=>"felixli12345@gmail.com", "password"=>"[FILTERED]", "remember_me"=>"0"}, "commit"=>"Log in"}
  [1m[36mUser Load (0.2ms)[0m  [1m[34mSELECT  "users".* FROM "users" WHERE "users"."email" = ? ORDER BY "users"."id" ASC LIMIT ?[0m  [["email", "felixli12345@gmail.com"], ["LIMIT", 1]]
Completed 401 Unauthorized in 2ms (ActiveRecord: 0.2ms)


Processing by Devise::SessionsController#new as HTML
  Parameters: {"utf8"=>"✓", "authenticity_token"=>"sWBhYPmD/d/3cKxtSVju5va1QjxglUFf0nqC3J8SFgzm7qVTfQ68s+TT+Tm93Ti5FzKydsGMhYg3m6dX02WaDw==", "user"=>{"email"=>"felixli12345@gmail.com", "password"=>"[FILTERED]", "remember_me"=>"0"}, "commit"=>"Log in"}
  Rendering devise/sessions/new.html.erb within layouts/application
  Rendered devise/shared/_links.html.erb (0.9ms)
  Rendered devise/sessions/new.html.erb within layouts/application (3.9ms)
Completed 200 OK in 158ms (Views: 24.4ms | ActiveRecord: 0.0ms)


Started POST "/users/sign_in" for 127.0.0.1 at 2017-11-08 18:39:56 -0800
Processing by Devise::SessionsController#create as HTML
  Parameters: {"utf8"=>"✓", "authenticity_token"=>"c4VgXxImLpHDbxVkaU8EKP1nI+CyO1OfWBJWwBxkqZAkC6Rslqtv/dDMQDCdytJ3HODTqhMil0i983NLUBMlkw==", "user"=>{"email"=>"felixli12345@gmail.com", "password"=>"[FILTERED]", "remember_me"=>"0"}, "commit"=>"Log in"}
  [1m[36mUser Load (0.2ms)[0m  [1m[34mSELECT  "users".* FROM "users" WHERE "users"."email" = ? ORDER BY "users"."id" ASC LIMIT ?[0m  [["email", "felixli12345@gmail.com"], ["LIMIT", 1]]
Completed 401 Unauthorized in 1ms (ActiveRecord: 0.2ms)


Processing by Devise::SessionsController#new as HTML
  Parameters: {"utf8"=>"✓", "authenticity_token"=>"c4VgXxImLpHDbxVkaU8EKP1nI+CyO1OfWBJWwBxkqZAkC6Rslqtv/dDMQDCdytJ3HODTqhMil0i983NLUBMlkw==", "user"=>{"email"=>"felixli12345@gmail.com", "password"=>"[FILTERED]", "remember_me"=>"0"}, "commit"=>"Log in"}
  Rendering devise/sessions/new.html.erb within layouts/application
  Rendered devise/shared/_links.html.erb (0.8ms)
  Rendered devise/sessions/new.html.erb within layouts/application (3.8ms)
Completed 200 OK in 155ms (Views: 18.8ms | ActiveRecord: 0.0ms)


Started POST "/users/sign_in" for 127.0.0.1 at 2017-11-08 18:39:59 -0800
Processing by Devise::SessionsController#create as HTML
  Parameters: {"utf8"=>"✓", "authenticity_token"=>"bYuYvUf1RiLElpYHGKqwwVmH4tG86JJ0wqdBUVubLYU6BVyOw3gHTtc1w1PsL2aeuAASmx3xVqMnRmTaF+yhhg==", "user"=>{"email"=>"felixli12345@gmail.com", "password"=>"[FILTERED]", "remember_me"=>"0"}, "commit"=>"Log in"}
  [1m[36mUser Load (0.3ms)[0m  [1m[34mSELECT  "users".* FROM "users" WHERE "users"."email" = ? ORDER BY "users"."id" ASC LIMIT ?[0m  [["email", "felixli12345@gmail.com"], ["LIMIT", 1]]
Completed 401 Unauthorized in 2ms (ActiveRecord: 0.3ms)


Processing by Devise::SessionsController#new as HTML
  Parameters: {"utf8"=>"✓", "authenticity_token"=>"bYuYvUf1RiLElpYHGKqwwVmH4tG86JJ0wqdBUVubLYU6BVyOw3gHTtc1w1PsL2aeuAASmx3xVqMnRmTaF+yhhg==", "user"=>{"email"=>"felixli12345@gmail.com", "password"=>"[FILTERED]", "remember_me"=>"0"}, "commit"=>"Log in"}
  Rendering devise/sessions/new.html.erb within layouts/application
  Rendered devise/shared/_links.html.erb (0.8ms)
  Rendered devise/sessions/new.html.erb within layouts/application (3.5ms)
Completed 200 OK in 152ms (Views: 17.6ms | ActiveRecord: 0.0ms)


Started GET "/users/sign_up" for 127.0.0.1 at 2017-11-08 18:40:01 -0800
Processing by Devise::RegistrationsController#new as HTML
  Rendering devise/registrations/new.html.erb within layouts/application
  Rendered devise/shared/_links.html.erb (1.7ms)
  Rendered devise/registrations/new.html.erb within layouts/application (11.0ms)
Completed 200 OK in 58ms (Views: 56.3ms | ActiveRecord: 0.0ms)


Started POST "/users" for 127.0.0.1 at 2017-11-08 18:40:10 -0800
Processing by Devise::RegistrationsController#create as HTML
  Parameters: {"utf8"=>"✓", "authenticity_token"=>"tmgaJggG3srwI5XR4TAqJWw6J1hVUFHYBGtCdhL99fYoiAwhyl/wjALLRqXuZi1Aox9b7vLVnVC2km++OOXl8w==", "user"=>{"email"=>"felixli12345@gmail.com", "password"=>"[FILTERED]", "password_confirmation"=>"[FILTERED]"}, "commit"=>"Sign up"}
  [1m[35m (0.1ms)[0m  [1m[36mbegin transaction[0m
  [1m[36mUser Exists (0.3ms)[0m  [1m[34mSELECT  1 AS one FROM "users" WHERE "users"."email" = ? LIMIT ?[0m  [["email", "felixli12345@gmail.com"], ["LIMIT", 1]]
  [1m[35mSQL (0.4ms)[0m  [1m[32mINSERT INTO "users" ("created_at", "updated_at", "email", "encrypted_password") VALUES (?, ?, ?, ?)[0m  [["created_at", "2017-11-09 02:40:11.136509"], ["updated_at", "2017-11-09 02:40:11.136509"], ["email", "felixli12345@gmail.com"], ["encrypted_password", "$2a$11$caobslhm6hBfrEIKESEPnuBIDDCSoTgHZTIRtc0nmw6eT8KgtEQwi"]]
  [1m[35m (1.6ms)[0m  [1m[36mcommit transaction[0m
  [1m[35m (0.0ms)[0m  [1m[36mbegin transaction[0m
  [1m[35mSQL (0.5ms)[0m  [1m[33mUPDATE "users" SET "updated_at" = ?, "sign_in_count" = ?, "current_sign_in_at" = ?, "last_sign_in_at" = ?, "current_sign_in_ip" = ?, "last_sign_in_ip" = ? WHERE "users"."id" = ?[0m  [["updated_at", "2017-11-09 02:40:11.140446"], ["sign_in_count", 1], ["current_sign_in_at", "2017-11-09 02:40:11.139999"], ["last_sign_in_at", "2017-11-09 02:40:11.139999"], ["current_sign_in_ip", "127.0.0.1"], ["last_sign_in_ip", "127.0.0.1"], ["id", 1]]
  [1m[35m (2.2ms)[0m  [1m[36mcommit transaction[0m
Redirected to http://localhost:3000/
Completed 302 Found in 167ms (ActiveRecord: 5.1ms)


Started GET "/" for 127.0.0.1 at 2017-11-08 18:40:11 -0800
Processing by PostsController#index as HTML
  Rendering posts/index.html.erb within layouts/application
  [1m[36mPost Load (0.2ms)[0m  [1m[34mSELECT "posts".* FROM "posts"[0m
  [1m[36mComment Load (0.1ms)[0m  [1m[34mSELECT "comments".* FROM "comments" WHERE "comments"."post_id" = ?[0m  [["post_id", 1]]
  [1m[36mComment Load (0.1ms)[0m  [1m[34mSELECT "comments".* FROM "comments" WHERE "comments"."post_id" = ?[0m  [["post_id", 2]]
  [1m[36mComment Load (0.2ms)[0m  [1m[34mSELECT "comments".* FROM "comments" WHERE "comments"."post_id" = ?[0m  [["post_id", 3]]
  Rendered posts/index.html.erb within layouts/application (8.7ms)
Completed 200 OK in 24ms (Views: 21.7ms | ActiveRecord: 0.5ms)


Started PATCH "/posts/1" for 127.0.0.1 at 2017-11-08 18:40:19 -0800
Processing by PostsController#vote as HTML
  Parameters: {"authenticity_token"=>"SsJ1wc8BLeoFQrbbc5hhDn/E1W4buwMtQ0uM2DC7LL8dTLHyS4xshhbh44+HHbdRnkMlJLqix/qmqqlTfMygvA==", "id"=>"1"}
  [1m[36mUser Load (0.2ms)[0m  [1m[34mSELECT  "users".* FROM "users" WHERE "users"."id" = ? ORDER BY "users"."id" ASC LIMIT ?[0m  [["id", 1], ["LIMIT", 1]]
  [1m[36mPost Load (0.1ms)[0m  [1m[34mSELECT  "posts".* FROM "posts" WHERE "posts"."id" = ? LIMIT ?[0m  [["id", 1], ["LIMIT", 1]]
  [1m[35m (0.0ms)[0m  [1m[36mbegin transaction[0m
  [1m[35mSQL (0.3ms)[0m  [1m[33mUPDATE "posts" SET "votes" = ?, "updated_at" = ? WHERE "posts"."id" = ?[0m  [["votes", 3], ["updated_at", "2017-11-09 02:40:19.207028"], ["id", 1]]
  [1m[35m (3.0ms)[0m  [1m[36mcommit transaction[0m
Redirected to http://localhost:3000/
Completed 302 Found in 9ms (ActiveRecord: 3.7ms)


Started GET "/" for 127.0.0.1 at 2017-11-08 18:40:19 -0800
Processing by PostsController#index as HTML
  Rendering posts/index.html.erb within layouts/application
  [1m[36mPost Load (0.2ms)[0m  [1m[34mSELECT "posts".* FROM "posts"[0m
  [1m[36mComment Load (0.1ms)[0m  [1m[34mSELECT "comments".* FROM "comments" WHERE "comments"."post_id" = ?[0m  [["post_id", 1]]
  [1m[36mComment Load (0.1ms)[0m  [1m[34mSELECT "comments".* FROM "comments" WHERE "comments"."post_id" = ?[0m  [["post_id", 2]]
  [1m[36mComment Load (0.1ms)[0m  [1m[34mSELECT "comments".* FROM "comments" WHERE "comments"."post_id" = ?[0m  [["post_id", 3]]
  Rendered posts/index.html.erb within layouts/application (6.7ms)
Completed 200 OK in 29ms (Views: 26.7ms | ActiveRecord: 0.5ms)


Started PATCH "/posts/1" for 127.0.0.1 at 2017-11-08 18:40:20 -0800
Processing by PostsController#vote as HTML
  Parameters: {"authenticity_token"=>"EfqXFNkMSQtMJoeYUPSu/0AVss2MaZF6BsrvWEL7bJhGdFMnXYEIZ1+F0sykcXigoZJChy1wVa3jK8rTDozgmw==", "id"=>"1"}
  [1m[36mUser Load (0.5ms)[0m  [1m[34mSELECT  "users".* FROM "users" WHERE "users"."id" = ? ORDER BY "users"."id" ASC LIMIT ?[0m  [["id", 1], ["LIMIT", 1]]
  [1m[36mPost Load (0.1ms)[0m  [1m[34mSELECT  "posts".* FROM "posts" WHERE "posts"."id" = ? LIMIT ?[0m  [["id", 1], ["LIMIT", 1]]
  [1m[35m (0.1ms)[0m  [1m[36mbegin transaction[0m
  [1m[35mSQL (0.4ms)[0m  [1m[33mUPDATE "posts" SET "votes" = ?, "updated_at" = ? WHERE "posts"."id" = ?[0m  [["votes", 4], ["updated_at", "2017-11-09 02:40:20.705680"], ["id", 1]]
  [1m[35m (3.1ms)[0m  [1m[36mcommit transaction[0m
Redirected to http://localhost:3000/
Completed 302 Found in 9ms (ActiveRecord: 4.1ms)


Started GET "/" for 127.0.0.1 at 2017-11-08 18:40:20 -0800
Processing by PostsController#index as HTML
  Rendering posts/index.html.erb within layouts/application
  [1m[36mPost Load (0.2ms)[0m  [1m[34mSELECT "posts".* FROM "posts"[0m
  [1m[36mComment Load (0.1ms)[0m  [1m[34mSELECT "comments".* FROM "comments" WHERE "comments"."post_id" = ?[0m  [["post_id", 1]]
  [1m[36mComment Load (0.1ms)[0m  [1m[34mSELECT "comments".* FROM "comments" WHERE "comments"."post_id" = ?[0m  [["post_id", 2]]
  [1m[36mComment Load (0.1ms)[0m  [1m[34mSELECT "comments".* FROM "comments" WHERE "comments"."post_id" = ?[0m  [["post_id", 3]]
  Rendered posts/index.html.erb within layouts/application (6.1ms)
Completed 200 OK in 20ms (Views: 17.7ms | ActiveRecord: 0.5ms)


Started PATCH "/posts/2" for 127.0.0.1 at 2017-11-08 18:40:22 -0800
Processing by PostsController#vote as HTML
  Parameters: {"authenticity_token"=>"Abu92s4kl/5CO8ezr/lB+0/ICBs9cmwB10o+s1XIhbhWNXnpSqnWklGYkudbfJekrk/4UZxrqNYyqxs4Gb8Juw==", "id"=>"2"}
  [1m[36mUser Load (0.2ms)[0m  [1m[34mSELECT  "users".* FROM "users" WHERE "users"."id" = ? ORDER BY "users"."id" ASC LIMIT ?[0m  [["id", 1], ["LIMIT", 1]]
  [1m[36mPost Load (0.1ms)[0m  [1m[34mSELECT  "posts".* FROM "posts" WHERE "posts"."id" = ? LIMIT ?[0m  [["id", 2], ["LIMIT", 1]]
  [1m[35m (0.0ms)[0m  [1m[36mbegin transaction[0m
  [1m[35mSQL (0.3ms)[0m  [1m[33mUPDATE "posts" SET "votes" = ?, "updated_at" = ? WHERE "posts"."id" = ?[0m  [["votes", 3], ["updated_at", "2017-11-09 02:40:22.544481"], ["id", 2]]
  [1m[35m (5.1ms)[0m  [1m[36mcommit transaction[0m
Redirected to http://localhost:3000/
Completed 302 Found in 9ms (ActiveRecord: 5.8ms)


Started GET "/" for 127.0.0.1 at 2017-11-08 18:40:22 -0800
Processing by PostsController#index as HTML
  Rendering posts/index.html.erb within layouts/application
  [1m[36mPost Load (0.2ms)[0m  [1m[34mSELECT "posts".* FROM "posts"[0m
  [1m[36mComment Load (0.1ms)[0m  [1m[34mSELECT "comments".* FROM "comments" WHERE "comments"."post_id" = ?[0m  [["post_id", 1]]
  [1m[36mComment Load (0.1ms)[0m  [1m[34mSELECT "comments".* FROM "comments" WHERE "comments"."post_id" = ?[0m  [["post_id", 2]]
  [1m[36mComment Load (0.1ms)[0m  [1m[34mSELECT "comments".* FROM "comments" WHERE "comments"."post_id" = ?[0m  [["post_id", 3]]
  Rendered posts/index.html.erb within layouts/application (6.2ms)
Completed 200 OK in 20ms (Views: 17.9ms | ActiveRecord: 0.5ms)


Started PATCH "/posts/2" for 127.0.0.1 at 2017-11-08 18:40:23 -0800
Processing by PostsController#vote as HTML
  Parameters: {"authenticity_token"=>"YwvsSON+OKJ73+bIh7NA3+vat14eRiye6ZLORMf/two0hSh7Z/N5zmh8s5xzNpaACl1HFL9f6EkMc+vPi4g7CQ==", "id"=>"2"}
  [1m[36mUser Load (0.3ms)[0m  [1m[34mSELECT  "users".* FROM "users" WHERE "users"."id" = ? ORDER BY "users"."id" ASC LIMIT ?[0m  [["id", 1], ["LIMIT", 1]]
  [1m[36mPost Load (0.3ms)[0m  [1m[34mSELECT  "posts".* FROM "posts" WHERE "posts"."id" = ? LIMIT ?[0m  [["id", 2], ["LIMIT", 1]]
  [1m[35m (0.1ms)[0m  [1m[36mbegin transaction[0m
  [1m[35mSQL (0.6ms)[0m  [1m[33mUPDATE "posts" SET "votes" = ?, "updated_at" = ? WHERE "posts"."id" = ?[0m  [["votes", 4], ["updated_at", "2017-11-09 02:40:23.398998"], ["id", 2]]
  [1m[35m (1.3ms)[0m  [1m[36mcommit transaction[0m
Redirected to http://localhost:3000/
Completed 302 Found in 8ms (ActiveRecord: 2.5ms)


Started GET "/" for 127.0.0.1 at 2017-11-08 18:40:23 -0800
Processing by PostsController#index as HTML
  Rendering posts/index.html.erb within layouts/application
  [1m[36mPost Load (0.3ms)[0m  [1m[34mSELECT "posts".* FROM "posts"[0m
  [1m[36mComment Load (0.2ms)[0m  [1m[34mSELECT "comments".* FROM "comments" WHERE "comments"."post_id" = ?[0m  [["post_id", 1]]
  [1m[36mComment Load (0.1ms)[0m  [1m[34mSELECT "comments".* FROM "comments" WHERE "comments"."post_id" = ?[0m  [["post_id", 2]]
  [1m[36mComment Load (0.1ms)[0m  [1m[34mSELECT "comments".* FROM "comments" WHERE "comments"."post_id" = ?[0m  [["post_id", 3]]
  Rendered posts/index.html.erb within layouts/application (7.5ms)
Completed 200 OK in 21ms (Views: 19.0ms | ActiveRecord: 0.7ms)


Started PATCH "/posts/3" for 127.0.0.1 at 2017-11-08 18:40:24 -0800
Processing by PostsController#vote as HTML
  Parameters: {"authenticity_token"=>"mA+7AzsYBTZ/g/FxZdBWapK4tR16hycxjRM2L4VIEWbPgX8wv5VEWmwgpCWRVYA1cz9FV9ue4+Zo8hOkyT+dZQ==", "id"=>"3"}
  [1m[36mUser Load (0.2ms)[0m  [1m[34mSELECT  "users".* FROM "users" WHERE "users"."id" = ? ORDER BY "users"."id" ASC LIMIT ?[0m  [["id", 1], ["LIMIT", 1]]
  [1m[36mPost Load (0.1ms)[0m  [1m[34mSELECT  "posts".* FROM "posts" WHERE "posts"."id" = ? LIMIT ?[0m  [["id", 3], ["LIMIT", 1]]
  [1m[35m (0.1ms)[0m  [1m[36mbegin transaction[0m
  [1m[35mSQL (0.3ms)[0m  [1m[33mUPDATE "posts" SET "votes" = ?, "updated_at" = ? WHERE "posts"."id" = ?[0m  [["votes", 1], ["updated_at", "2017-11-09 02:40:24.553614"], ["id", 3]]
  [1m[35m (3.4ms)[0m  [1m[36mcommit transaction[0m
Redirected to http://localhost:3000/
Completed 302 Found in 9ms (ActiveRecord: 4.1ms)


Started GET "/" for 127.0.0.1 at 2017-11-08 18:40:24 -0800
Processing by PostsController#index as HTML
  Rendering posts/index.html.erb within layouts/application
  [1m[36mPost Load (0.3ms)[0m  [1m[34mSELECT "posts".* FROM "posts"[0m
  [1m[36mComment Load (0.1ms)[0m  [1m[34mSELECT "comments".* FROM "comments" WHERE "comments"."post_id" = ?[0m  [["post_id", 1]]
  [1m[36mComment Load (0.1ms)[0m  [1m[34mSELECT "comments".* FROM "comments" WHERE "comments"."post_id" = ?[0m  [["post_id", 2]]
  [1m[36mComment Load (0.1ms)[0m  [1m[34mSELECT "comments".* FROM "comments" WHERE "comments"."post_id" = ?[0m  [["post_id", 3]]
  Rendered posts/index.html.erb within layouts/application (6.8ms)
Completed 200 OK in 21ms (Views: 18.6ms | ActiveRecord: 0.6ms)


Started PATCH "/posts/3" for 127.0.0.1 at 2017-11-08 18:40:25 -0800
Processing by PostsController#vote as HTML
  Parameters: {"authenticity_token"=>"bhrazr/CksKHNt73Sq2dSNO48tYRYUI6iEKfNps+aL85lB79O0/TrpSVi6O+KEsXMj8CnLB4hu1to7q910nkvA==", "id"=>"3"}
  [1m[36mUser Load (0.3ms)[0m  [1m[34mSELECT  "users".* FROM "users" WHERE "users"."id" = ? ORDER BY "users"."id" ASC LIMIT ?[0m  [["id", 1], ["LIMIT", 1]]
  [1m[36mPost Load (0.1ms)[0m  [1m[34mSELECT  "posts".* FROM "posts" WHERE "posts"."id" = ? LIMIT ?[0m  [["id", 3], ["LIMIT", 1]]
  [1m[35m (0.1ms)[0m  [1m[36mbegin transaction[0m
  [1m[35mSQL (0.4ms)[0m  [1m[33mUPDATE "posts" SET "votes" = ?, "updated_at" = ? WHERE "posts"."id" = ?[0m  [["votes", 2], ["updated_at", "2017-11-09 02:40:25.158712"], ["id", 3]]
  [1m[35m (3.9ms)[0m  [1m[36mcommit transaction[0m
Redirected to http://localhost:3000/
Completed 302 Found in 9ms (ActiveRecord: 4.8ms)


Started GET "/" for 127.0.0.1 at 2017-11-08 18:40:25 -0800
Processing by PostsController#index as HTML
  Rendering posts/index.html.erb within layouts/application
  [1m[36mPost Load (0.2ms)[0m  [1m[34mSELECT "posts".* FROM "posts"[0m
  [1m[36mComment Load (0.1ms)[0m  [1m[34mSELECT "comments".* FROM "comments" WHERE "comments"."post_id" = ?[0m  [["post_id", 1]]
  [1m[36mComment Load (0.1ms)[0m  [1m[34mSELECT "comments".* FROM "comments" WHERE "comments"."post_id" = ?[0m  [["post_id", 2]]
  [1m[36mComment Load (0.1ms)[0m  [1m[34mSELECT "comments".* FROM "comments" WHERE "comments"."post_id" = ?[0m  [["post_id", 3]]
  Rendered posts/index.html.erb within layouts/application (9.6ms)
Completed 200 OK in 34ms (Views: 31.6ms | ActiveRecord: 0.6ms)


Started POST "/posts" for 127.0.0.1 at 2017-11-08 18:40:46 -0800
Processing by PostsController#create as HTML
  Parameters: {"utf8"=>"✓", "authenticity_token"=>"3qOclsRXEJFJ8JM43zm7vbFwjkU31dV53kQ47Sbe6dCJLVilQNpR/VpTxmwrvG3iUPd+D5bMEa47pR1maqll0w==", "text"=>"klsadfdsaklnfkjsadnfakdsjnfkadsf", "commit"=>"submit!"}
  [1m[35m (0.1ms)[0m  [1m[36mbegin transaction[0m
  [1m[35mSQL (0.5ms)[0m  [1m[32mINSERT INTO "posts" ("text", "votes", "created_at", "updated_at") VALUES (?, ?, ?, ?)[0m  [["text", "klsadfdsaklnfkjsadnfakdsjnfkadsf"], ["votes", 0], ["created_at", "2017-11-09 02:40:46.788800"], ["updated_at", "2017-11-09 02:40:46.788800"]]
  [1m[35m (3.6ms)[0m  [1m[36mcommit transaction[0m
Redirected to http://localhost:3000/
Completed 302 Found in 7ms (ActiveRecord: 4.2ms)


Started GET "/" for 127.0.0.1 at 2017-11-08 18:40:46 -0800
Processing by PostsController#index as HTML
  Rendering posts/index.html.erb within layouts/application
  [1m[36mPost Load (0.3ms)[0m  [1m[34mSELECT "posts".* FROM "posts"[0m
  [1m[36mComment Load (0.1ms)[0m  [1m[34mSELECT "comments".* FROM "comments" WHERE "comments"."post_id" = ?[0m  [["post_id", 1]]
  [1m[36mComment Load (0.1ms)[0m  [1m[34mSELECT "comments".* FROM "comments" WHERE "comments"."post_id" = ?[0m  [["post_id", 2]]
  [1m[36mComment Load (0.1ms)[0m  [1m[34mSELECT "comments".* FROM "comments" WHERE "comments"."post_id" = ?[0m  [["post_id", 3]]
  [1m[36mComment Load (0.1ms)[0m  [1m[34mSELECT "comments".* FROM "comments" WHERE "comments"."post_id" = ?[0m  [["post_id", 4]]
  Rendered posts/index.html.erb within layouts/application (7.6ms)
Completed 200 OK in 21ms (Views: 19.2ms | ActiveRecord: 0.6ms)


Started PATCH "/posts/4" for 127.0.0.1 at 2017-11-08 18:40:48 -0800
Processing by PostsController#vote as HTML
  Parameters: {"authenticity_token"=>"s9mKsSW/HCJDK8l21tgZtJlZzYZ/PteuyXPBNH4lDZTkV06CoTJdTlCInCIiXc/reN49zN4nE3kskuS/MlKBlw==", "id"=>"4"}
  [1m[36mUser Load (0.3ms)[0m  [1m[34mSELECT  "users".* FROM "users" WHERE "users"."id" = ? ORDER BY "users"."id" ASC LIMIT ?[0m  [["id", 1], ["LIMIT", 1]]
  [1m[36mPost Load (0.1ms)[0m  [1m[34mSELECT  "posts".* FROM "posts" WHERE "posts"."id" = ? LIMIT ?[0m  [["id", 4], ["LIMIT", 1]]
  [1m[35m (0.0ms)[0m  [1m[36mbegin transaction[0m
  [1m[35mSQL (0.3ms)[0m  [1m[33mUPDATE "posts" SET "votes" = ?, "updated_at" = ? WHERE "posts"."id" = ?[0m  [["votes", 1], ["updated_at", "2017-11-09 02:40:48.982935"], ["id", 4]]
  [1m[35m (3.2ms)[0m  [1m[36mcommit transaction[0m
Redirected to http://localhost:3000/
Completed 302 Found in 8ms (ActiveRecord: 3.9ms)


Started GET "/" for 127.0.0.1 at 2017-11-08 18:40:49 -0800
Processing by PostsController#index as HTML
  Rendering posts/index.html.erb within layouts/application
  [1m[36mPost Load (0.3ms)[0m  [1m[34mSELECT "posts".* FROM "posts"[0m
  [1m[36mComment Load (0.1ms)[0m  [1m[34mSELECT "comments".* FROM "comments" WHERE "comments"."post_id" = ?[0m  [["post_id", 1]]
  [1m[36mComment Load (0.1ms)[0m  [1m[34mSELECT "comments".* FROM "comments" WHERE "comments"."post_id" = ?[0m  [["post_id", 2]]
  [1m[36mComment Load (0.1ms)[0m  [1m[34mSELECT "comments".* FROM "comments" WHERE "comments"."post_id" = ?[0m  [["post_id", 3]]
  [1m[36mComment Load (0.1ms)[0m  [1m[34mSELECT "comments".* FROM "comments" WHERE "comments"."post_id" = ?[0m  [["post_id", 4]]
  Rendered posts/index.html.erb within layouts/application (7.6ms)
Completed 200 OK in 23ms (Views: 19.7ms | ActiveRecord: 0.6ms)


Started PATCH "/posts/4" for 127.0.0.1 at 2017-11-08 18:40:50 -0800
Processing by PostsController#vote as HTML
  Parameters: {"authenticity_token"=>"WpkPEXWSXRK+HAKb3/00gi/v8MN9vjEhV1lLaB68HTkNF8si8R8cfq2/V88reOLdzmgAidyn9fayuG7jUsuROg==", "id"=>"4"}
  [1m[36mUser Load (0.2ms)[0m  [1m[34mSELECT  "users".* FROM "users" WHERE "users"."id" = ? ORDER BY "users"."id" ASC LIMIT ?[0m  [["id", 1], ["LIMIT", 1]]
  [1m[36mPost Load (0.1ms)[0m  [1m[34mSELECT  "posts".* FROM "posts" WHERE "posts"."id" = ? LIMIT ?[0m  [["id", 4], ["LIMIT", 1]]
  [1m[35m (0.0ms)[0m  [1m[36mbegin transaction[0m
  [1m[35mSQL (0.4ms)[0m  [1m[33mUPDATE "posts" SET "votes" = ?, "updated_at" = ? WHERE "posts"."id" = ?[0m  [["votes", 2], ["updated_at", "2017-11-09 02:40:50.871324"], ["id", 4]]
  [1m[35m (6.6ms)[0m  [1m[36mcommit transaction[0m
Redirected to http://localhost:3000/
Completed 302 Found in 11ms (ActiveRecord: 7.3ms)


Started GET "/" for 127.0.0.1 at 2017-11-08 18:40:50 -0800
Processing by PostsController#index as HTML
  Rendering posts/index.html.erb within layouts/application
  [1m[36mPost Load (0.2ms)[0m  [1m[34mSELECT "posts".* FROM "posts"[0m
  [1m[36mComment Load (0.2ms)[0m  [1m[34mSELECT "comments".* FROM "comments" WHERE "comments"."post_id" = ?[0m  [["post_id", 1]]
  [1m[36mComment Load (0.1ms)[0m  [1m[34mSELECT "comments".* FROM "comments" WHERE "comments"."post_id" = ?[0m  [["post_id", 2]]
  [1m[36mComment Load (0.1ms)[0m  [1m[34mSELECT "comments".* FROM "comments" WHERE "comments"."post_id" = ?[0m  [["post_id", 3]]
  [1m[36mComment Load (0.1ms)[0m  [1m[34mSELECT "comments".* FROM "comments" WHERE "comments"."post_id" = ?[0m  [["post_id", 4]]
  Rendered posts/index.html.erb within layouts/application (7.5ms)
Completed 200 OK in 21ms (Views: 19.0ms | ActiveRecord: 0.7ms)


Started POST "/posts/4" for 127.0.0.1 at 2017-11-08 18:40:53 -0800
Processing by PostsController#createcomment as HTML
  Parameters: {"utf8"=>"✓", "authenticity_token"=>"5j3jW0d+1kUs9yA0ZRiw7fInjfM8Bt2JURaWC1zd55mxsydow/OXKT9UdWCRnWayE6B9uZ0fGV6097OAEKprmg==", "text"=>"sajkdfnkasjdnf", "commit"=>"submit!", "id"=>"4"}
  [1m[36mPost Load (0.2ms)[0m  [1m[34mSELECT  "posts".* FROM "posts" WHERE "posts"."id" = ? LIMIT ?[0m  [["id", 4], ["LIMIT", 1]]
  [1m[35m (0.1ms)[0m  [1m[36mbegin transaction[0m
  [1m[35mSQL (0.4ms)[0m  [1m[32mINSERT INTO "comments" ("text", "post_id", "created_at", "updated_at") VALUES (?, ?, ?, ?)[0m  [["text", "sajkdfnkasjdnf"], ["post_id", 4], ["created_at", "2017-11-09 02:40:53.383335"], ["updated_at", "2017-11-09 02:40:53.383335"]]
  [1m[35m (3.4ms)[0m  [1m[36mcommit transaction[0m
Redirected to http://localhost:3000/
Completed 302 Found in 8ms (ActiveRecord: 4.0ms)


Started GET "/" for 127.0.0.1 at 2017-11-08 18:40:53 -0800
Processing by PostsController#index as HTML
  Rendering posts/index.html.erb within layouts/application
  [1m[36mPost Load (0.2ms)[0m  [1m[34mSELECT "posts".* FROM "posts"[0m
  [1m[36mComment Load (0.1ms)[0m  [1m[34mSELECT "comments".* FROM "comments" WHERE "comments"."post_id" = ?[0m  [["post_id", 1]]
  [1m[36mComment Load (0.1ms)[0m  [1m[34mSELECT "comments".* FROM "comments" WHERE "comments"."post_id" = ?[0m  [["post_id", 2]]
  [1m[36mComment Load (0.1ms)[0m  [1m[34mSELECT "comments".* FROM "comments" WHERE "comments"."post_id" = ?[0m  [["post_id", 3]]
  [1m[36mComment Load (0.1ms)[0m  [1m[34mSELECT "comments".* FROM "comments" WHERE "comments"."post_id" = ?[0m  [["post_id", 4]]
  Rendered posts/index.html.erb within layouts/application (7.3ms)
Completed 200 OK in 21ms (Views: 18.8ms | ActiveRecord: 0.6ms)


  [1m[35m (0.5ms)[0m  [1m[34mSELECT "schema_migrations"."version" FROM "schema_migrations" ORDER BY "schema_migrations"."version" ASC[0m
Migrating to AddUpvotesToUsers (20171116034005)
  [1m[35m (0.1ms)[0m  [1m[36mbegin transaction[0m
  [1m[35m (0.9ms)[0m  [1m[35mALTER TABLE "users" ADD "upvotes_received" integer[0m
  [1m[35m (0.2ms)[0m  [1m[35mALTER TABLE "users" ADD "posts_made" integer[0m
  [1m[35mSQL (0.5ms)[0m  [1m[32mINSERT INTO "schema_migrations" ("version") VALUES (?)[0m  [["version", "20171116034005"]]
  [1m[35m (1.3ms)[0m  [1m[36mcommit transaction[0m
  [1m[36mActiveRecord::InternalMetadata Load (1.2ms)[0m  [1m[34mSELECT  "ar_internal_metadata".* FROM "ar_internal_metadata" WHERE "ar_internal_metadata"."key" = ? LIMIT ?[0m  [["key", "environment"], ["LIMIT", 1]]
  [1m[35m (0.1ms)[0m  [1m[36mbegin transaction[0m
  [1m[35m (0.0ms)[0m  [1m[36mcommit transaction[0m
  [1m[35m (0.1ms)[0m  [1m[34mSELECT "schema_migrations"."version" FROM "schema_migrations" ORDER BY "schema_migrations"."version" ASC[0m
  [1m[35m (0.1ms)[0m  [1m[34m            SELECT sql
            FROM sqlite_master
            WHERE name='index_users_on_reset_password_token' AND type='index'
            UNION ALL
            SELECT sql
            FROM sqlite_temp_master
            WHERE name='index_users_on_reset_password_token' AND type='index'
[0m
  [1m[35m (0.1ms)[0m  [1m[34m            SELECT sql
            FROM sqlite_master
            WHERE name='index_users_on_email' AND type='index'
            UNION ALL
            SELECT sql
            FROM sqlite_temp_master
            WHERE name='index_users_on_email' AND type='index'
[0m
Started GET "/" for 127.0.0.1 at 2017-11-15 19:48:30 -0800
  [1m[35m (0.5ms)[0m  [1m[34mSELECT "schema_migrations"."version" FROM "schema_migrations" ORDER BY "schema_migrations"."version" ASC[0m
Processing by PostsController#index as HTML
  Rendering posts/index.html.erb within layouts/application
  Rendered posts/index.html.erb within layouts/application (4.6ms)
Completed 500 Internal Server Error in 34ms (ActiveRecord: 0.0ms)


  
ActionView::Template::Error (No route matches {:action=>"show", :controller=>"users"}, missing required keys: [:id]):
    1: 
    2: 
    3: <%= link_to 'view your stats', showuser_path %>
    4: <br />
    5: <%= form_tag createpost_path do %>
    6:     <%= label_tag :text, "post:" %>
  
app/views/posts/index.html.erb:3:in `_app_views_posts_index_html_erb___668499293477615864_70213565708980'
Started GET "/" for 127.0.0.1 at 2017-11-15 19:50:56 -0800
Processing by PostsController#index as HTML
  Rendering posts/index.html.erb within layouts/application
  Rendered posts/index.html.erb within layouts/application (2.5ms)
Completed 500 Internal Server Error in 19ms


  
ActionView::Template::Error (No route matches {:action=>"show", :controller=>"users", :id=>nil}, missing required keys: [:id]):
    1: 
    2: 
    3: <%= link_to 'view your stats', showuser_path(@user) %>
    4: <br />
    5: <%= form_tag createpost_path do %>
    6:     <%= label_tag :text, "post:" %>
  
app/views/posts/index.html.erb:3:in `_app_views_posts_index_html_erb___668499293477615864_70213543201020'
Started GET "/" for 127.0.0.1 at 2017-11-15 19:51:13 -0800
Processing by PostsController#index as HTML
  Rendering posts/index.html.erb within layouts/application
  Rendered posts/index.html.erb within layouts/application (2.9ms)
Completed 500 Internal Server Error in 12ms


  
ActionView::Template::Error (undefined method `id' for nil:NilClass):
    1: 
    2: 
    3: <%= link_to 'view your stats', showuser_path(@user.id) %>
    4: <br />
    5: <%= form_tag createpost_path do %>
    6:     <%= label_tag :text, "post:" %>
  
app/views/posts/index.html.erb:3:in `_app_views_posts_index_html_erb___668499293477615864_70213547406640'
Started GET "/" for 127.0.0.1 at 2017-11-15 19:52:06 -0800
Processing by PostsController#index as HTML
  Rendering posts/index.html.erb within layouts/application
  Rendered posts/index.html.erb within layouts/application (2.9ms)
Completed 500 Internal Server Error in 13ms


  
ActionView::Template::Error (undefined method `id' for nil:NilClass):
    1: 
    2: 
    3: <!-- <%= link_to 'view your stats', showuser_path(@user.id) %> -->
    4: <br />
    5: <%= form_tag createpost_path do %>
    6:     <%= label_tag :text, "post:" %>
  
app/views/posts/index.html.erb:3:in `_app_views_posts_index_html_erb___668499293477615864_70213544318840'
Started GET "/" for 127.0.0.1 at 2017-11-15 19:52:15 -0800
Processing by PostsController#index as HTML
  Rendering posts/index.html.erb within layouts/application
  [1m[36mPost Load (0.5ms)[0m  [1m[34mSELECT "posts".* FROM "posts"[0m
  [1m[36mComment Load (0.6ms)[0m  [1m[34mSELECT "comments".* FROM "comments" WHERE "comments"."post_id" = ?[0m  [["post_id", 1]]
  [1m[36mComment Load (0.1ms)[0m  [1m[34mSELECT "comments".* FROM "comments" WHERE "comments"."post_id" = ?[0m  [["post_id", 2]]
  [1m[36mComment Load (0.1ms)[0m  [1m[34mSELECT "comments".* FROM "comments" WHERE "comments"."post_id" = ?[0m  [["post_id", 3]]
  [1m[36mComment Load (0.1ms)[0m  [1m[34mSELECT "comments".* FROM "comments" WHERE "comments"."post_id" = ?[0m  [["post_id", 4]]
  Rendered posts/index.html.erb within layouts/application (59.3ms)
Completed 200 OK in 239ms (Views: 236.5ms | ActiveRecord: 3.3ms)


Started POST "/posts" for 127.0.0.1 at 2017-11-15 19:52:19 -0800
Processing by PostsController#create as HTML
  Parameters: {"utf8"=>"✓", "authenticity_token"=>"hk0vmyCh1DCLoeU1CCZa2d4Ftyn9KYMlxx8G1HcEpHFAp/hoWKceGlRmkc+VhojVE5WSYdc84zSaJXIsEMnzKg==", "text"=>"asdfasdf", "commit"=>"submit!"}
  [1m[35m (0.1ms)[0m  [1m[36mbegin transaction[0m
  [1m[35mSQL (0.8ms)[0m  [1m[32mINSERT INTO "posts" ("text", "votes", "created_at", "updated_at") VALUES (?, ?, ?, ?)[0m  [["text", "asdfasdf"], ["votes", 0], ["created_at", "2017-11-16 03:52:19.498137"], ["updated_at", "2017-11-16 03:52:19.498137"]]
  [1m[35m (0.9ms)[0m  [1m[36mcommit transaction[0m
Redirected to http://localhost:3000/
Completed 302 Found in 7ms (ActiveRecord: 1.9ms)


Started GET "/" for 127.0.0.1 at 2017-11-15 19:52:19 -0800
Processing by PostsController#index as HTML
  Rendering posts/index.html.erb within layouts/application
  [1m[36mPost Load (0.2ms)[0m  [1m[34mSELECT "posts".* FROM "posts"[0m
  [1m[36mComment Load (0.2ms)[0m  [1m[34mSELECT "comments".* FROM "comments" WHERE "comments"."post_id" = ?[0m  [["post_id", 1]]
  [1m[36mComment Load (0.1ms)[0m  [1m[34mSELECT "comments".* FROM "comments" WHERE "comments"."post_id" = ?[0m  [["post_id", 2]]
  [1m[36mComment Load (0.2ms)[0m  [1m[34mSELECT "comments".* FROM "comments" WHERE "comments"."post_id" = ?[0m  [["post_id", 3]]
  [1m[36mComment Load (0.1ms)[0m  [1m[34mSELECT "comments".* FROM "comments" WHERE "comments"."post_id" = ?[0m  [["post_id", 4]]
  [1m[36mComment Load (0.1ms)[0m  [1m[34mSELECT "comments".* FROM "comments" WHERE "comments"."post_id" = ?[0m  [["post_id", 5]]
  Rendered posts/index.html.erb within layouts/application (10.6ms)
Completed 200 OK in 26ms (Views: 23.3ms | ActiveRecord: 0.8ms)


